CRITICAL - 2023-10-31 16:15:24 --> The framework needs the following extension(s) installed and loaded: intl.
in SYSTEMPATH/CodeIgniter.php on line 252.
 1 SYSTEMPATH/CodeIgniter.php(252): CodeIgniter\Exceptions\FrameworkException::forMissingExtension('intl')
 2 SYSTEMPATH/CodeIgniter.php(214): CodeIgniter\CodeIgniter->resolvePlatformExtensions()
 3 FCPATH/index.php(67): CodeIgniter\CodeIgniter->initialize()
CRITICAL - 2023-10-31 16:20:37 --> The framework needs the following extension(s) installed and loaded: intl.
in SYSTEMPATH/CodeIgniter.php on line 252.
 1 SYSTEMPATH/CodeIgniter.php(252): CodeIgniter\Exceptions\FrameworkException::forMissingExtension('intl')
 2 SYSTEMPATH/CodeIgniter.php(214): CodeIgniter\CodeIgniter->resolvePlatformExtensions()
 3 FCPATH/index.php(67): CodeIgniter\CodeIgniter->initialize()
CRITICAL - 2023-10-31 16:25:11 --> The framework needs the following extension(s) installed and loaded: intl.
in SYSTEMPATH/CodeIgniter.php on line 252.
 1 SYSTEMPATH/CodeIgniter.php(252): CodeIgniter\Exceptions\FrameworkException::forMissingExtension('intl')
 2 SYSTEMPATH/CodeIgniter.php(214): CodeIgniter\CodeIgniter->resolvePlatformExtensions()
 3 FCPATH/index.php(67): CodeIgniter\CodeIgniter->initialize()
CRITICAL - 2023-10-31 16:25:16 --> The framework needs the following extension(s) installed and loaded: intl.
in SYSTEMPATH/CodeIgniter.php on line 252.
 1 SYSTEMPATH/CodeIgniter.php(252): CodeIgniter\Exceptions\FrameworkException::forMissingExtension('intl')
 2 SYSTEMPATH/CodeIgniter.php(214): CodeIgniter\CodeIgniter->resolvePlatformExtensions()
 3 FCPATH/index.php(67): CodeIgniter\CodeIgniter->initialize()
CRITICAL - 2023-10-31 16:25:20 --> The framework needs the following extension(s) installed and loaded: intl.
in SYSTEMPATH/CodeIgniter.php on line 252.
 1 SYSTEMPATH/CodeIgniter.php(252): CodeIgniter\Exceptions\FrameworkException::forMissingExtension('intl')
 2 SYSTEMPATH/CodeIgniter.php(214): CodeIgniter\CodeIgniter->resolvePlatformExtensions()
 3 FCPATH/index.php(67): CodeIgniter\CodeIgniter->initialize()
CRITICAL - 2023-10-31 16:25:33 --> The framework needs the following extension(s) installed and loaded: intl.
in SYSTEMPATH/CodeIgniter.php on line 252.
 1 SYSTEMPATH/CodeIgniter.php(252): CodeIgniter\Exceptions\FrameworkException::forMissingExtension('intl')
 2 SYSTEMPATH/CodeIgniter.php(214): CodeIgniter\CodeIgniter->resolvePlatformExtensions()
 3 FCPATH/index.php(67): CodeIgniter\CodeIgniter->initialize()
CRITICAL - 2023-10-31 16:32:24 --> The framework needs the following extension(s) installed and loaded: intl.
in SYSTEMPATH/CodeIgniter.php on line 252.
 1 SYSTEMPATH/CodeIgniter.php(252): CodeIgniter\Exceptions\FrameworkException::forMissingExtension('intl')
 2 SYSTEMPATH/CodeIgniter.php(214): CodeIgniter\CodeIgniter->resolvePlatformExtensions()
 3 FCPATH/index.php(67): CodeIgniter\CodeIgniter->initialize()
CRITICAL - 2023-10-31 16:32:34 --> The framework needs the following extension(s) installed and loaded: intl.
in SYSTEMPATH/CodeIgniter.php on line 252.
 1 SYSTEMPATH/CodeIgniter.php(252): CodeIgniter\Exceptions\FrameworkException::forMissingExtension('intl')
 2 SYSTEMPATH/CodeIgniter.php(214): CodeIgniter\CodeIgniter->resolvePlatformExtensions()
 3 FCPATH/index.php(67): CodeIgniter\CodeIgniter->initialize()
CRITICAL - 2023-10-31 16:32:38 --> The framework needs the following extension(s) installed and loaded: intl.
in SYSTEMPATH/CodeIgniter.php on line 252.
 1 SYSTEMPATH/CodeIgniter.php(252): CodeIgniter\Exceptions\FrameworkException::forMissingExtension('intl')
 2 SYSTEMPATH/CodeIgniter.php(214): CodeIgniter\CodeIgniter->resolvePlatformExtensions()
 3 FCPATH/index.php(67): CodeIgniter\CodeIgniter->initialize()
CRITICAL - 2023-10-31 16:34:57 --> The framework needs the following extension(s) installed and loaded: intl.
in SYSTEMPATH/CodeIgniter.php on line 252.
 1 SYSTEMPATH/CodeIgniter.php(252): CodeIgniter\Exceptions\FrameworkException::forMissingExtension('intl')
 2 SYSTEMPATH/CodeIgniter.php(214): CodeIgniter\CodeIgniter->resolvePlatformExtensions()
 3 FCPATH/index.php(67): CodeIgniter\CodeIgniter->initialize()
