INFO - 2023-11-26 04:03:49 --> Session: Class initialized using 'CodeIgniter\Session\Handlers\FileHandler' driver.
INFO - 2023-11-26 04:03:49 --> Session: Class initialized using 'CodeIgniter\Session\Handlers\FileHandler' driver.
INFO - 2023-11-26 04:04:02 --> Session: Class initialized using 'CodeIgniter\Session\Handlers\FileHandler' driver.
INFO - 2023-11-26 04:04:02 --> Session: Class initialized using 'CodeIgniter\Session\Handlers\FileHandler' driver.
INFO - 2023-11-26 04:04:03 --> Session: Class initialized using 'CodeIgniter\Session\Handlers\FileHandler' driver.
INFO - 2023-11-26 04:04:05 --> Session: Class initialized using 'CodeIgniter\Session\Handlers\FileHandler' driver.
INFO - 2023-11-26 04:04:05 --> Session: Class initialized using 'CodeIgniter\Session\Handlers\FileHandler' driver.
INFO - 2023-11-26 04:04:08 --> Session: Class initialized using 'CodeIgniter\Session\Handlers\FileHandler' driver.
INFO - 2023-11-26 04:04:28 --> Session: Class initialized using 'CodeIgniter\Session\Handlers\FileHandler' driver.
INFO - 2023-11-26 04:06:53 --> Session: Class initialized using 'CodeIgniter\Session\Handlers\FileHandler' driver.
INFO - 2023-11-26 04:07:07 --> Session: Class initialized using 'CodeIgniter\Session\Handlers\FileHandler' driver.
INFO - 2023-11-26 04:07:08 --> Session: Class initialized using 'CodeIgniter\Session\Handlers\FileHandler' driver.
INFO - 2023-11-26 04:07:10 --> Session: Class initialized using 'CodeIgniter\Session\Handlers\FileHandler' driver.
INFO - 2023-11-26 04:07:10 --> Session: Class initialized using 'CodeIgniter\Session\Handlers\FileHandler' driver.
CRITICAL - 2023-11-26 04:07:10 --> Trying to access array offset on value of type null
in APPPATH/Views/masters/users/user_form_edit.php on line 32.
 1 APPPATH/Views/masters/users/user_form_edit.php(32): CodeIgniter\Debug\Exceptions->errorHandler(8, 'Trying to access array offset on value of type null', '/Applications/XAMPP/xamppfiles/htdocs/headmaster_evaluation/app/Views/masters/users/user_form_edit.php', 32, [...])
 2 SYSTEMPATH/View/View.php(228): include('/Applications/XAMPP/xamppfiles/htdocs/headmaster_evaluation/app/Views/masters/users/user_form_edit.php')
 3 SYSTEMPATH/View/View.php(231): CodeIgniter\View\View->CodeIgniter\View\{closure}()
 4 SYSTEMPATH/Common.php(1190): CodeIgniter\View\View->render('masters/users/user_form_edit', [], true)
 5 APPPATH/Controllers/UserController.php(227): view('masters/users/user_form_edit', [...])
 6 SYSTEMPATH/CodeIgniter.php(942): App\Controllers\UserController->edit('images', 'favicon.png')
 7 SYSTEMPATH/CodeIgniter.php(502): CodeIgniter\CodeIgniter->runController(Object(App\Controllers\UserController))
 8 SYSTEMPATH/CodeIgniter.php(361): CodeIgniter\CodeIgniter->handleRequest(null, Object(Config\Cache), false)
 9 FCPATH/index.php(79): CodeIgniter\CodeIgniter->run()
10 SYSTEMPATH/Commands/Server/rewrite.php(47): require_once('/Applications/XAMPP/xamppfiles/htdocs/headmaster_evaluation/public/index.php')
INFO - 2023-11-26 04:07:17 --> Session: Class initialized using 'CodeIgniter\Session\Handlers\FileHandler' driver.
INFO - 2023-11-26 04:07:17 --> Session: Class initialized using 'CodeIgniter\Session\Handlers\FileHandler' driver.
INFO - 2023-11-26 04:07:22 --> Session: Class initialized using 'CodeIgniter\Session\Handlers\FileHandler' driver.
INFO - 2023-11-26 04:07:22 --> Session: Class initialized using 'CodeIgniter\Session\Handlers\FileHandler' driver.
INFO - 2023-11-26 04:07:23 --> Session: Class initialized using 'CodeIgniter\Session\Handlers\FileHandler' driver.
INFO - 2023-11-26 04:07:54 --> Session: Class initialized using 'CodeIgniter\Session\Handlers\FileHandler' driver.
INFO - 2023-11-26 04:07:54 --> Session: Class initialized using 'CodeIgniter\Session\Handlers\FileHandler' driver.
INFO - 2023-11-26 04:07:54 --> Session: Class initialized using 'CodeIgniter\Session\Handlers\FileHandler' driver.
INFO - 2023-11-26 04:08:41 --> Session: Class initialized using 'CodeIgniter\Session\Handlers\FileHandler' driver.
INFO - 2023-11-26 04:08:41 --> Session: Class initialized using 'CodeIgniter\Session\Handlers\FileHandler' driver.
INFO - 2023-11-26 04:08:43 --> Session: Class initialized using 'CodeIgniter\Session\Handlers\FileHandler' driver.
WARNING - 2023-11-26 04:08:43 --> Session: Sessions is enabled, and one exists. Please don't $session->start();
INFO - 2023-11-26 04:08:43 --> Session: Class initialized using 'CodeIgniter\Session\Handlers\FileHandler' driver.
WARNING - 2023-11-26 04:08:43 --> Session: Sessions is enabled, and one exists. Please don't $session->start();
WARNING - 2023-11-26 04:08:43 --> Session: Sessions is enabled, and one exists. Please don't $session->start();
INFO - 2023-11-26 04:09:10 --> Session: Class initialized using 'CodeIgniter\Session\Handlers\FileHandler' driver.
WARNING - 2023-11-26 04:09:10 --> Session: Sessions is enabled, and one exists. Please don't $session->start();
INFO - 2023-11-26 04:09:10 --> Session: Class initialized using 'CodeIgniter\Session\Handlers\FileHandler' driver.
WARNING - 2023-11-26 04:09:10 --> Session: Sessions is enabled, and one exists. Please don't $session->start();
WARNING - 2023-11-26 04:09:10 --> Session: Sessions is enabled, and one exists. Please don't $session->start();
INFO - 2023-11-26 04:09:14 --> Session: Class initialized using 'CodeIgniter\Session\Handlers\FileHandler' driver.
WARNING - 2023-11-26 04:09:14 --> Session: Sessions is enabled, and one exists. Please don't $session->start();
INFO - 2023-11-26 04:09:14 --> Session: Class initialized using 'CodeIgniter\Session\Handlers\FileHandler' driver.
WARNING - 2023-11-26 04:09:14 --> Session: Sessions is enabled, and one exists. Please don't $session->start();
WARNING - 2023-11-26 04:09:14 --> Session: Sessions is enabled, and one exists. Please don't $session->start();
INFO - 2023-11-26 04:09:19 --> Session: Class initialized using 'CodeIgniter\Session\Handlers\FileHandler' driver.
WARNING - 2023-11-26 04:09:19 --> Session: Sessions is enabled, and one exists. Please don't $session->start();
INFO - 2023-11-26 04:09:19 --> Session: Class initialized using 'CodeIgniter\Session\Handlers\FileHandler' driver.
WARNING - 2023-11-26 04:09:19 --> Session: Sessions is enabled, and one exists. Please don't $session->start();
WARNING - 2023-11-26 04:09:19 --> Session: Sessions is enabled, and one exists. Please don't $session->start();
INFO - 2023-11-26 04:09:22 --> Session: Class initialized using 'CodeIgniter\Session\Handlers\FileHandler' driver.
WARNING - 2023-11-26 04:09:22 --> Session: Sessions is enabled, and one exists. Please don't $session->start();
INFO - 2023-11-26 04:09:22 --> Session: Class initialized using 'CodeIgniter\Session\Handlers\FileHandler' driver.
WARNING - 2023-11-26 04:09:22 --> Session: Sessions is enabled, and one exists. Please don't $session->start();
WARNING - 2023-11-26 04:09:22 --> Session: Sessions is enabled, and one exists. Please don't $session->start();
INFO - 2023-11-26 04:09:30 --> Session: Class initialized using 'CodeIgniter\Session\Handlers\FileHandler' driver.
WARNING - 2023-11-26 04:09:30 --> Session: Sessions is enabled, and one exists. Please don't $session->start();
INFO - 2023-11-26 04:09:30 --> Session: Class initialized using 'CodeIgniter\Session\Handlers\FileHandler' driver.
WARNING - 2023-11-26 04:09:30 --> Session: Sessions is enabled, and one exists. Please don't $session->start();
WARNING - 2023-11-26 04:09:30 --> Session: Sessions is enabled, and one exists. Please don't $session->start();
INFO - 2023-11-26 04:09:35 --> Session: Class initialized using 'CodeIgniter\Session\Handlers\FileHandler' driver.
WARNING - 2023-11-26 04:09:35 --> Session: Sessions is enabled, and one exists. Please don't $session->start();
INFO - 2023-11-26 04:09:35 --> Session: Class initialized using 'CodeIgniter\Session\Handlers\FileHandler' driver.
WARNING - 2023-11-26 04:09:35 --> Session: Sessions is enabled, and one exists. Please don't $session->start();
WARNING - 2023-11-26 04:09:35 --> Session: Sessions is enabled, and one exists. Please don't $session->start();
INFO - 2023-11-26 04:09:36 --> Session: Class initialized using 'CodeIgniter\Session\Handlers\FileHandler' driver.
WARNING - 2023-11-26 04:09:36 --> Session: Sessions is enabled, and one exists. Please don't $session->start();
INFO - 2023-11-26 04:09:36 --> Session: Class initialized using 'CodeIgniter\Session\Handlers\FileHandler' driver.
WARNING - 2023-11-26 04:09:36 --> Session: Sessions is enabled, and one exists. Please don't $session->start();
WARNING - 2023-11-26 04:09:36 --> Session: Sessions is enabled, and one exists. Please don't $session->start();
INFO - 2023-11-26 04:11:11 --> Session: Class initialized using 'CodeIgniter\Session\Handlers\FileHandler' driver.
WARNING - 2023-11-26 04:11:11 --> Session: Sessions is enabled, and one exists. Please don't $session->start();
INFO - 2023-11-26 04:11:19 --> Session: Class initialized using 'CodeIgniter\Session\Handlers\FileHandler' driver.
INFO - 2023-11-26 04:11:19 --> Session: Class initialized using 'CodeIgniter\Session\Handlers\FileHandler' driver.
INFO - 2023-11-26 04:11:24 --> Session: Class initialized using 'CodeIgniter\Session\Handlers\FileHandler' driver.
INFO - 2023-11-26 04:11:24 --> Session: Class initialized using 'CodeIgniter\Session\Handlers\FileHandler' driver.
CRITICAL - 2023-11-26 04:11:24 --> Undefined offset: 0
in APPPATH/Views/dashboard.php on line 94.
 1 APPPATH/Views/dashboard.php(94): CodeIgniter\Debug\Exceptions->errorHandler(8, 'Undefined offset: 0', '/Applications/XAMPP/xamppfiles/htdocs/headmaster_evaluation/app/Views/dashboard.php', 94, [...])
 2 SYSTEMPATH/View/View.php(228): include('/Applications/XAMPP/xamppfiles/htdocs/headmaster_evaluation/app/Views/dashboard.php')
 3 SYSTEMPATH/View/View.php(231): CodeIgniter\View\View->CodeIgniter\View\{closure}()
 4 SYSTEMPATH/Common.php(1190): CodeIgniter\View\View->render('dashboard', [], true)
 5 APPPATH/Controllers/DashboardController.php(35): view('dashboard', [...])
 6 SYSTEMPATH/CodeIgniter.php(942): App\Controllers\DashboardController->index()
 7 SYSTEMPATH/CodeIgniter.php(502): CodeIgniter\CodeIgniter->runController(Object(App\Controllers\DashboardController))
 8 SYSTEMPATH/CodeIgniter.php(361): CodeIgniter\CodeIgniter->handleRequest(null, Object(Config\Cache), false)
 9 FCPATH/index.php(79): CodeIgniter\CodeIgniter->run()
10 SYSTEMPATH/Commands/Server/rewrite.php(47): require_once('/Applications/XAMPP/xamppfiles/htdocs/headmaster_evaluation/public/index.php')
INFO - 2023-11-26 04:11:55 --> Session: Class initialized using 'CodeIgniter\Session\Handlers\FileHandler' driver.
CRITICAL - 2023-11-26 04:11:55 --> Undefined variable: schools_count
in APPPATH/Views/dashboard.php on line 17.
 1 APPPATH/Views/dashboard.php(17): CodeIgniter\Debug\Exceptions->errorHandler(8, 'Undefined variable: schools_count', '/Applications/XAMPP/xamppfiles/htdocs/headmaster_evaluation/app/Views/dashboard.php', 17, [...])
 2 SYSTEMPATH/View/View.php(228): include('/Applications/XAMPP/xamppfiles/htdocs/headmaster_evaluation/app/Views/dashboard.php')
 3 SYSTEMPATH/View/View.php(231): CodeIgniter\View\View->CodeIgniter\View\{closure}()
 4 SYSTEMPATH/Common.php(1190): CodeIgniter\View\View->render('dashboard', [], true)
 5 APPPATH/Controllers/DashboardController.php(35): view('dashboard', [...])
 6 SYSTEMPATH/CodeIgniter.php(942): App\Controllers\DashboardController->index()
 7 SYSTEMPATH/CodeIgniter.php(502): CodeIgniter\CodeIgniter->runController(Object(App\Controllers\DashboardController))
 8 SYSTEMPATH/CodeIgniter.php(361): CodeIgniter\CodeIgniter->handleRequest(null, Object(Config\Cache), false)
 9 FCPATH/index.php(79): CodeIgniter\CodeIgniter->run()
10 SYSTEMPATH/Commands/Server/rewrite.php(47): require_once('/Applications/XAMPP/xamppfiles/htdocs/headmaster_evaluation/public/index.php')
INFO - 2023-11-26 04:12:36 --> Session: Class initialized using 'CodeIgniter\Session\Handlers\FileHandler' driver.
INFO - 2023-11-26 04:12:36 --> Session: Class initialized using 'CodeIgniter\Session\Handlers\FileHandler' driver.
INFO - 2023-11-26 04:12:50 --> Session: Class initialized using 'CodeIgniter\Session\Handlers\FileHandler' driver.
INFO - 2023-11-26 04:12:51 --> Session: Class initialized using 'CodeIgniter\Session\Handlers\FileHandler' driver.
INFO - 2023-11-26 04:13:00 --> Session: Class initialized using 'CodeIgniter\Session\Handlers\FileHandler' driver.
INFO - 2023-11-26 04:18:11 --> Session: Class initialized using 'CodeIgniter\Session\Handlers\FileHandler' driver.
INFO - 2023-11-26 04:18:33 --> Session: Class initialized using 'CodeIgniter\Session\Handlers\FileHandler' driver.
INFO - 2023-11-26 04:23:18 --> Session: Class initialized using 'CodeIgniter\Session\Handlers\FileHandler' driver.
WARNING - 2023-11-26 04:23:18 --> Session: Sessions is enabled, and one exists. Please don't $session->start();
INFO - 2023-11-26 04:23:18 --> Session: Class initialized using 'CodeIgniter\Session\Handlers\FileHandler' driver.
WARNING - 2023-11-26 04:23:18 --> Session: Sessions is enabled, and one exists. Please don't $session->start();
WARNING - 2023-11-26 04:23:18 --> Session: Sessions is enabled, and one exists. Please don't $session->start();
INFO - 2023-11-26 04:23:23 --> Session: Class initialized using 'CodeIgniter\Session\Handlers\FileHandler' driver.
INFO - 2023-11-26 04:23:23 --> Session: Class initialized using 'CodeIgniter\Session\Handlers\FileHandler' driver.
INFO - 2023-11-26 04:23:30 --> Session: Class initialized using 'CodeIgniter\Session\Handlers\FileHandler' driver.
WARNING - 2023-11-26 04:23:30 --> Session: Sessions is enabled, and one exists. Please don't $session->start();
INFO - 2023-11-26 04:23:30 --> Session: Class initialized using 'CodeIgniter\Session\Handlers\FileHandler' driver.
WARNING - 2023-11-26 04:23:30 --> Session: Sessions is enabled, and one exists. Please don't $session->start();
WARNING - 2023-11-26 04:23:30 --> Session: Sessions is enabled, and one exists. Please don't $session->start();
INFO - 2023-11-26 04:23:43 --> Session: Class initialized using 'CodeIgniter\Session\Handlers\FileHandler' driver.
WARNING - 2023-11-26 04:23:43 --> Session: Sessions is enabled, and one exists. Please don't $session->start();
INFO - 2023-11-26 04:23:44 --> Session: Class initialized using 'CodeIgniter\Session\Handlers\FileHandler' driver.
WARNING - 2023-11-26 04:23:44 --> Session: Sessions is enabled, and one exists. Please don't $session->start();
WARNING - 2023-11-26 04:23:44 --> Session: Sessions is enabled, and one exists. Please don't $session->start();
INFO - 2023-11-26 04:23:50 --> Session: Class initialized using 'CodeIgniter\Session\Handlers\FileHandler' driver.
INFO - 2023-11-26 04:23:51 --> Session: Class initialized using 'CodeIgniter\Session\Handlers\FileHandler' driver.
INFO - 2023-11-26 04:24:48 --> Session: Class initialized using 'CodeIgniter\Session\Handlers\FileHandler' driver.
INFO - 2023-11-26 04:25:43 --> Session: Class initialized using 'CodeIgniter\Session\Handlers\FileHandler' driver.
ERROR - 2023-11-26 04:25:43 --> mysqli_sql_exception: Column 'nip' cannot be null in /Applications/XAMPP/xamppfiles/htdocs/headmaster_evaluation/system/Database/MySQLi/Connection.php:306
Stack trace:
#0 /Applications/XAMPP/xamppfiles/htdocs/headmaster_evaluation/system/Database/MySQLi/Connection.php(306): mysqli->query('INSERT INTO `us...', 0)
#1 /Applications/XAMPP/xamppfiles/htdocs/headmaster_evaluation/system/Database/BaseConnection.php(693): CodeIgniter\Database\MySQLi\Connection->execute('INSERT INTO `us...')
#2 /Applications/XAMPP/xamppfiles/htdocs/headmaster_evaluation/system/Database/BaseConnection.php(607): CodeIgniter\Database\BaseConnection->simpleQuery('INSERT INTO `us...')
#3 /Applications/XAMPP/xamppfiles/htdocs/headmaster_evaluation/system/Database/BaseBuilder.php(2308): CodeIgniter\Database\BaseConnection->query('INSERT INTO `us...', Array, false)
#4 /Applications/XAMPP/xamppfiles/htdocs/headmaster_evaluation/system/Model.php(319): CodeIgniter\Database\BaseBuilder->insert()
#5 /Applications/XAMPP/xamppfiles/htdocs/headmaster_evaluation/system/BaseModel.php(788): CodeIgniter\Model->doInsert(Array)
#6 /Applications/XAMPP/xamppfiles/htdocs/headmaster_evaluation/system/Model.php(715): CodeIgniter\BaseModel->insert(Array, true)
#7 /Applications/XAMPP/xamppfiles/htdocs/headmaster_evaluation/app/Controllers/UserController.php(109): CodeIgniter\Model->insert(Array)
#8 /Applications/XAMPP/xamppfiles/htdocs/headmaster_evaluation/system/CodeIgniter.php(942): App\Controllers\UserController->store()
#9 /Applications/XAMPP/xamppfiles/htdocs/headmaster_evaluation/system/CodeIgniter.php(502): CodeIgniter\CodeIgniter->runController(Object(App\Controllers\UserController))
#10 /Applications/XAMPP/xamppfiles/htdocs/headmaster_evaluation/system/CodeIgniter.php(361): CodeIgniter\CodeIgniter->handleRequest(NULL, Object(Config\Cache), false)
#11 /Applications/XAMPP/xamppfiles/htdocs/headmaster_evaluation/public/index.php(79): CodeIgniter\CodeIgniter->run()
#12 /Applications/XAMPP/xamppfiles/htdocs/headmaster_evaluation/system/Commands/Server/rewrite.php(47): require_once('/Applications/X...')
#13 {main}
CRITICAL - 2023-11-26 04:25:43 --> Column 'nip' cannot be null
in SYSTEMPATH/Database/BaseConnection.php on line 647.
 1 SYSTEMPATH/Database/BaseBuilder.php(2308): CodeIgniter\Database\BaseConnection->query('INSERT INTO `users` (`username`, `fullname`, `email`, `password`, `decrypted_password`, `level`, `school_id`, `nip`, `golongan`, `jabatan`) VALUES (:username.1:, :fullname:, :email.1:, :password:, :decrypted_password:, :level:, :school_id.1:, :nip:, :golongan:, :jabatan:)', [...], false)
 2 SYSTEMPATH/Model.php(319): CodeIgniter\Database\BaseBuilder->insert()
 3 SYSTEMPATH/BaseModel.php(788): CodeIgniter\Model->doInsert([...])
 4 SYSTEMPATH/Model.php(715): CodeIgniter\BaseModel->insert([...], true)
 5 APPPATH/Controllers/UserController.php(109): CodeIgniter\Model->insert([...])
 6 SYSTEMPATH/CodeIgniter.php(942): App\Controllers\UserController->store()
 7 SYSTEMPATH/CodeIgniter.php(502): CodeIgniter\CodeIgniter->runController(Object(App\Controllers\UserController))
 8 SYSTEMPATH/CodeIgniter.php(361): CodeIgniter\CodeIgniter->handleRequest(null, Object(Config\Cache), false)
 9 FCPATH/index.php(79): CodeIgniter\CodeIgniter->run()
10 SYSTEMPATH/Commands/Server/rewrite.php(47): require_once('/Applications/XAMPP/xamppfiles/htdocs/headmaster_evaluation/public/index.php')
INFO - 2023-11-26 04:27:01 --> Session: Class initialized using 'CodeIgniter\Session\Handlers\FileHandler' driver.
INFO - 2023-11-26 04:27:01 --> Session: Class initialized using 'CodeIgniter\Session\Handlers\FileHandler' driver.
INFO - 2023-11-26 04:27:01 --> Session: Class initialized using 'CodeIgniter\Session\Handlers\FileHandler' driver.
INFO - 2023-11-26 04:27:09 --> Session: Class initialized using 'CodeIgniter\Session\Handlers\FileHandler' driver.
INFO - 2023-11-26 04:27:09 --> Session: Class initialized using 'CodeIgniter\Session\Handlers\FileHandler' driver.
INFO - 2023-11-26 04:27:12 --> Session: Class initialized using 'CodeIgniter\Session\Handlers\FileHandler' driver.
INFO - 2023-11-26 04:27:13 --> Session: Class initialized using 'CodeIgniter\Session\Handlers\FileHandler' driver.
INFO - 2023-11-26 04:27:14 --> Session: Class initialized using 'CodeIgniter\Session\Handlers\FileHandler' driver.
INFO - 2023-11-26 04:27:19 --> Session: Class initialized using 'CodeIgniter\Session\Handlers\FileHandler' driver.
INFO - 2023-11-26 04:27:19 --> Session: Class initialized using 'CodeIgniter\Session\Handlers\FileHandler' driver.
CRITICAL - 2023-11-26 04:27:19 --> Trying to access array offset on value of type null
in APPPATH/Views/masters/users/user_form_edit.php on line 32.
 1 APPPATH/Views/masters/users/user_form_edit.php(32): CodeIgniter\Debug\Exceptions->errorHandler(8, 'Trying to access array offset on value of type null', '/Applications/XAMPP/xamppfiles/htdocs/headmaster_evaluation/app/Views/masters/users/user_form_edit.php', 32, [...])
 2 SYSTEMPATH/View/View.php(228): include('/Applications/XAMPP/xamppfiles/htdocs/headmaster_evaluation/app/Views/masters/users/user_form_edit.php')
 3 SYSTEMPATH/View/View.php(231): CodeIgniter\View\View->CodeIgniter\View\{closure}()
 4 SYSTEMPATH/Common.php(1190): CodeIgniter\View\View->render('masters/users/user_form_edit', [], true)
 5 APPPATH/Controllers/UserController.php(236): view('masters/users/user_form_edit', [...])
 6 SYSTEMPATH/CodeIgniter.php(942): App\Controllers\UserController->edit('images', 'favicon.png')
 7 SYSTEMPATH/CodeIgniter.php(502): CodeIgniter\CodeIgniter->runController(Object(App\Controllers\UserController))
 8 SYSTEMPATH/CodeIgniter.php(361): CodeIgniter\CodeIgniter->handleRequest(null, Object(Config\Cache), false)
 9 FCPATH/index.php(79): CodeIgniter\CodeIgniter->run()
10 SYSTEMPATH/Commands/Server/rewrite.php(47): require_once('/Applications/XAMPP/xamppfiles/htdocs/headmaster_evaluation/public/index.php')
INFO - 2023-11-26 04:28:08 --> Session: Class initialized using 'CodeIgniter\Session\Handlers\FileHandler' driver.
INFO - 2023-11-26 04:28:09 --> Session: Class initialized using 'CodeIgniter\Session\Handlers\FileHandler' driver.
CRITICAL - 2023-11-26 04:28:09 --> Trying to access array offset on value of type null
in APPPATH/Views/masters/users/user_form_edit.php on line 32.
 1 APPPATH/Views/masters/users/user_form_edit.php(32): CodeIgniter\Debug\Exceptions->errorHandler(8, 'Trying to access array offset on value of type null', '/Applications/XAMPP/xamppfiles/htdocs/headmaster_evaluation/app/Views/masters/users/user_form_edit.php', 32, [...])
 2 SYSTEMPATH/View/View.php(228): include('/Applications/XAMPP/xamppfiles/htdocs/headmaster_evaluation/app/Views/masters/users/user_form_edit.php')
 3 SYSTEMPATH/View/View.php(231): CodeIgniter\View\View->CodeIgniter\View\{closure}()
 4 SYSTEMPATH/Common.php(1190): CodeIgniter\View\View->render('masters/users/user_form_edit', [], true)
 5 APPPATH/Controllers/UserController.php(236): view('masters/users/user_form_edit', [...])
 6 SYSTEMPATH/CodeIgniter.php(942): App\Controllers\UserController->edit('images', 'favicon.png')
 7 SYSTEMPATH/CodeIgniter.php(502): CodeIgniter\CodeIgniter->runController(Object(App\Controllers\UserController))
 8 SYSTEMPATH/CodeIgniter.php(361): CodeIgniter\CodeIgniter->handleRequest(null, Object(Config\Cache), false)
 9 FCPATH/index.php(79): CodeIgniter\CodeIgniter->run()
10 SYSTEMPATH/Commands/Server/rewrite.php(47): require_once('/Applications/XAMPP/xamppfiles/htdocs/headmaster_evaluation/public/index.php')
INFO - 2023-11-26 04:29:34 --> Session: Class initialized using 'CodeIgniter\Session\Handlers\FileHandler' driver.
INFO - 2023-11-26 04:29:34 --> Session: Class initialized using 'CodeIgniter\Session\Handlers\FileHandler' driver.
INFO - 2023-11-26 04:29:35 --> Session: Class initialized using 'CodeIgniter\Session\Handlers\FileHandler' driver.
INFO - 2023-11-26 04:30:07 --> Session: Class initialized using 'CodeIgniter\Session\Handlers\FileHandler' driver.
INFO - 2023-11-26 04:30:07 --> Session: Class initialized using 'CodeIgniter\Session\Handlers\FileHandler' driver.
INFO - 2023-11-26 04:30:09 --> Session: Class initialized using 'CodeIgniter\Session\Handlers\FileHandler' driver.
INFO - 2023-11-26 04:30:12 --> Session: Class initialized using 'CodeIgniter\Session\Handlers\FileHandler' driver.
INFO - 2023-11-26 04:30:12 --> Session: Class initialized using 'CodeIgniter\Session\Handlers\FileHandler' driver.
INFO - 2023-11-26 04:30:16 --> Session: Class initialized using 'CodeIgniter\Session\Handlers\FileHandler' driver.
INFO - 2023-11-26 04:30:16 --> Session: Class initialized using 'CodeIgniter\Session\Handlers\FileHandler' driver.
CRITICAL - 2023-11-26 04:30:16 --> Trying to access array offset on value of type null
in APPPATH/Views/masters/users/user_form_edit.php on line 32.
 1 APPPATH/Views/masters/users/user_form_edit.php(32): CodeIgniter\Debug\Exceptions->errorHandler(8, 'Trying to access array offset on value of type null', '/Applications/XAMPP/xamppfiles/htdocs/headmaster_evaluation/app/Views/masters/users/user_form_edit.php', 32, [...])
 2 SYSTEMPATH/View/View.php(228): include('/Applications/XAMPP/xamppfiles/htdocs/headmaster_evaluation/app/Views/masters/users/user_form_edit.php')
 3 SYSTEMPATH/View/View.php(231): CodeIgniter\View\View->CodeIgniter\View\{closure}()
 4 SYSTEMPATH/Common.php(1190): CodeIgniter\View\View->render('masters/users/user_form_edit', [], true)
 5 APPPATH/Controllers/UserController.php(236): view('masters/users/user_form_edit', [...])
 6 SYSTEMPATH/CodeIgniter.php(942): App\Controllers\UserController->edit('images', 'favicon.png')
 7 SYSTEMPATH/CodeIgniter.php(502): CodeIgniter\CodeIgniter->runController(Object(App\Controllers\UserController))
 8 SYSTEMPATH/CodeIgniter.php(361): CodeIgniter\CodeIgniter->handleRequest(null, Object(Config\Cache), false)
 9 FCPATH/index.php(79): CodeIgniter\CodeIgniter->run()
10 SYSTEMPATH/Commands/Server/rewrite.php(47): require_once('/Applications/XAMPP/xamppfiles/htdocs/headmaster_evaluation/public/index.php')
INFO - 2023-11-26 04:31:04 --> Session: Class initialized using 'CodeIgniter\Session\Handlers\FileHandler' driver.
INFO - 2023-11-26 04:31:04 --> Session: Class initialized using 'CodeIgniter\Session\Handlers\FileHandler' driver.
CRITICAL - 2023-11-26 04:31:04 --> Trying to access array offset on value of type null
in APPPATH/Views/masters/users/user_form_edit.php on line 32.
 1 APPPATH/Views/masters/users/user_form_edit.php(32): CodeIgniter\Debug\Exceptions->errorHandler(8, 'Trying to access array offset on value of type null', '/Applications/XAMPP/xamppfiles/htdocs/headmaster_evaluation/app/Views/masters/users/user_form_edit.php', 32, [...])
 2 SYSTEMPATH/View/View.php(228): include('/Applications/XAMPP/xamppfiles/htdocs/headmaster_evaluation/app/Views/masters/users/user_form_edit.php')
 3 SYSTEMPATH/View/View.php(231): CodeIgniter\View\View->CodeIgniter\View\{closure}()
 4 SYSTEMPATH/Common.php(1190): CodeIgniter\View\View->render('masters/users/user_form_edit', [], true)
 5 APPPATH/Controllers/UserController.php(236): view('masters/users/user_form_edit', [...])
 6 SYSTEMPATH/CodeIgniter.php(942): App\Controllers\UserController->edit('images', 'favicon.png')
 7 SYSTEMPATH/CodeIgniter.php(502): CodeIgniter\CodeIgniter->runController(Object(App\Controllers\UserController))
 8 SYSTEMPATH/CodeIgniter.php(361): CodeIgniter\CodeIgniter->handleRequest(null, Object(Config\Cache), false)
 9 FCPATH/index.php(79): CodeIgniter\CodeIgniter->run()
10 SYSTEMPATH/Commands/Server/rewrite.php(47): require_once('/Applications/XAMPP/xamppfiles/htdocs/headmaster_evaluation/public/index.php')
INFO - 2023-11-26 04:31:24 --> Session: Class initialized using 'CodeIgniter\Session\Handlers\FileHandler' driver.
INFO - 2023-11-26 04:31:25 --> Session: Class initialized using 'CodeIgniter\Session\Handlers\FileHandler' driver.
CRITICAL - 2023-11-26 04:31:25 --> Trying to access array offset on value of type null
in APPPATH/Views/masters/users/user_form_edit.php on line 32.
 1 APPPATH/Views/masters/users/user_form_edit.php(32): CodeIgniter\Debug\Exceptions->errorHandler(8, 'Trying to access array offset on value of type null', '/Applications/XAMPP/xamppfiles/htdocs/headmaster_evaluation/app/Views/masters/users/user_form_edit.php', 32, [...])
 2 SYSTEMPATH/View/View.php(228): include('/Applications/XAMPP/xamppfiles/htdocs/headmaster_evaluation/app/Views/masters/users/user_form_edit.php')
 3 SYSTEMPATH/View/View.php(231): CodeIgniter\View\View->CodeIgniter\View\{closure}()
 4 SYSTEMPATH/Common.php(1190): CodeIgniter\View\View->render('masters/users/user_form_edit', [], true)
 5 APPPATH/Controllers/UserController.php(236): view('masters/users/user_form_edit', [...])
 6 SYSTEMPATH/CodeIgniter.php(942): App\Controllers\UserController->edit('images', 'favicon.png')
 7 SYSTEMPATH/CodeIgniter.php(502): CodeIgniter\CodeIgniter->runController(Object(App\Controllers\UserController))
 8 SYSTEMPATH/CodeIgniter.php(361): CodeIgniter\CodeIgniter->handleRequest(null, Object(Config\Cache), false)
 9 FCPATH/index.php(79): CodeIgniter\CodeIgniter->run()
10 SYSTEMPATH/Commands/Server/rewrite.php(47): require_once('/Applications/XAMPP/xamppfiles/htdocs/headmaster_evaluation/public/index.php')
INFO - 2023-11-26 04:31:53 --> Session: Class initialized using 'CodeIgniter\Session\Handlers\FileHandler' driver.
INFO - 2023-11-26 04:31:53 --> Session: Class initialized using 'CodeIgniter\Session\Handlers\FileHandler' driver.
INFO - 2023-11-26 04:31:53 --> Session: Class initialized using 'CodeIgniter\Session\Handlers\FileHandler' driver.
WARNING - 2023-11-26 04:31:53 --> Session: Sessions is enabled, and one exists. Please don't $session->start();
INFO - 2023-11-26 04:32:32 --> Session: Class initialized using 'CodeIgniter\Session\Handlers\FileHandler' driver.
INFO - 2023-11-26 04:32:32 --> Session: Class initialized using 'CodeIgniter\Session\Handlers\FileHandler' driver.
INFO - 2023-11-26 04:32:36 --> Session: Class initialized using 'CodeIgniter\Session\Handlers\FileHandler' driver.
INFO - 2023-11-26 04:32:37 --> Session: Class initialized using 'CodeIgniter\Session\Handlers\FileHandler' driver.
CRITICAL - 2023-11-26 04:32:37 --> Trying to access array offset on value of type null
in APPPATH/Views/masters/users/user_form_edit.php on line 32.
 1 APPPATH/Views/masters/users/user_form_edit.php(32): CodeIgniter\Debug\Exceptions->errorHandler(8, 'Trying to access array offset on value of type null', '/Applications/XAMPP/xamppfiles/htdocs/headmaster_evaluation/app/Views/masters/users/user_form_edit.php', 32, [...])
 2 SYSTEMPATH/View/View.php(228): include('/Applications/XAMPP/xamppfiles/htdocs/headmaster_evaluation/app/Views/masters/users/user_form_edit.php')
 3 SYSTEMPATH/View/View.php(231): CodeIgniter\View\View->CodeIgniter\View\{closure}()
 4 SYSTEMPATH/Common.php(1190): CodeIgniter\View\View->render('masters/users/user_form_edit', [], true)
 5 APPPATH/Controllers/UserController.php(236): view('masters/users/user_form_edit', [...])
 6 SYSTEMPATH/CodeIgniter.php(942): App\Controllers\UserController->edit('images', 'favicon.png')
 7 SYSTEMPATH/CodeIgniter.php(502): CodeIgniter\CodeIgniter->runController(Object(App\Controllers\UserController))
 8 SYSTEMPATH/CodeIgniter.php(361): CodeIgniter\CodeIgniter->handleRequest(null, Object(Config\Cache), false)
 9 FCPATH/index.php(79): CodeIgniter\CodeIgniter->run()
10 SYSTEMPATH/Commands/Server/rewrite.php(47): require_once('/Applications/XAMPP/xamppfiles/htdocs/headmaster_evaluation/public/index.php')
INFO - 2023-11-26 04:32:42 --> Session: Class initialized using 'CodeIgniter\Session\Handlers\FileHandler' driver.
INFO - 2023-11-26 04:32:42 --> Session: Class initialized using 'CodeIgniter\Session\Handlers\FileHandler' driver.
INFO - 2023-11-26 04:32:43 --> Session: Class initialized using 'CodeIgniter\Session\Handlers\FileHandler' driver.
INFO - 2023-11-26 04:32:48 --> Session: Class initialized using 'CodeIgniter\Session\Handlers\FileHandler' driver.
INFO - 2023-11-26 04:32:49 --> Session: Class initialized using 'CodeIgniter\Session\Handlers\FileHandler' driver.
CRITICAL - 2023-11-26 04:32:49 --> Trying to access array offset on value of type null
in APPPATH/Views/masters/users/user_form_edit.php on line 32.
 1 APPPATH/Views/masters/users/user_form_edit.php(32): CodeIgniter\Debug\Exceptions->errorHandler(8, 'Trying to access array offset on value of type null', '/Applications/XAMPP/xamppfiles/htdocs/headmaster_evaluation/app/Views/masters/users/user_form_edit.php', 32, [...])
 2 SYSTEMPATH/View/View.php(228): include('/Applications/XAMPP/xamppfiles/htdocs/headmaster_evaluation/app/Views/masters/users/user_form_edit.php')
 3 SYSTEMPATH/View/View.php(231): CodeIgniter\View\View->CodeIgniter\View\{closure}()
 4 SYSTEMPATH/Common.php(1190): CodeIgniter\View\View->render('masters/users/user_form_edit', [], true)
 5 APPPATH/Controllers/UserController.php(236): view('masters/users/user_form_edit', [...])
 6 SYSTEMPATH/CodeIgniter.php(942): App\Controllers\UserController->edit('images', 'favicon.png')
 7 SYSTEMPATH/CodeIgniter.php(502): CodeIgniter\CodeIgniter->runController(Object(App\Controllers\UserController))
 8 SYSTEMPATH/CodeIgniter.php(361): CodeIgniter\CodeIgniter->handleRequest(null, Object(Config\Cache), false)
 9 FCPATH/index.php(79): CodeIgniter\CodeIgniter->run()
10 SYSTEMPATH/Commands/Server/rewrite.php(47): require_once('/Applications/XAMPP/xamppfiles/htdocs/headmaster_evaluation/public/index.php')
INFO - 2023-11-26 04:33:03 --> Session: Class initialized using 'CodeIgniter\Session\Handlers\FileHandler' driver.
INFO - 2023-11-26 04:33:03 --> Session: Class initialized using 'CodeIgniter\Session\Handlers\FileHandler' driver.
INFO - 2023-11-26 04:33:03 --> Session: Class initialized using 'CodeIgniter\Session\Handlers\FileHandler' driver.
INFO - 2023-11-26 04:33:34 --> Session: Class initialized using 'CodeIgniter\Session\Handlers\FileHandler' driver.
WARNING - 2023-11-26 04:33:34 --> Session: Sessions is enabled, and one exists. Please don't $session->start();
INFO - 2023-11-26 04:33:34 --> Session: Class initialized using 'CodeIgniter\Session\Handlers\FileHandler' driver.
WARNING - 2023-11-26 04:33:34 --> Session: Sessions is enabled, and one exists. Please don't $session->start();
WARNING - 2023-11-26 04:33:34 --> Session: Sessions is enabled, and one exists. Please don't $session->start();
INFO - 2023-11-26 04:34:14 --> Session: Class initialized using 'CodeIgniter\Session\Handlers\FileHandler' driver.
WARNING - 2023-11-26 04:34:14 --> Session: Sessions is enabled, and one exists. Please don't $session->start();
INFO - 2023-11-26 04:34:15 --> Session: Class initialized using 'CodeIgniter\Session\Handlers\FileHandler' driver.
WARNING - 2023-11-26 04:34:15 --> Session: Sessions is enabled, and one exists. Please don't $session->start();
WARNING - 2023-11-26 04:34:15 --> Session: Sessions is enabled, and one exists. Please don't $session->start();
INFO - 2023-11-26 04:37:10 --> Session: Class initialized using 'CodeIgniter\Session\Handlers\FileHandler' driver.
WARNING - 2023-11-26 04:37:10 --> Session: Sessions is enabled, and one exists. Please don't $session->start();
INFO - 2023-11-26 04:37:10 --> Session: Class initialized using 'CodeIgniter\Session\Handlers\FileHandler' driver.
WARNING - 2023-11-26 04:37:10 --> Session: Sessions is enabled, and one exists. Please don't $session->start();
WARNING - 2023-11-26 04:37:10 --> Session: Sessions is enabled, and one exists. Please don't $session->start();
INFO - 2023-11-26 04:37:53 --> Session: Class initialized using 'CodeIgniter\Session\Handlers\FileHandler' driver.
WARNING - 2023-11-26 04:37:53 --> Session: Sessions is enabled, and one exists. Please don't $session->start();
INFO - 2023-11-26 04:37:53 --> Session: Class initialized using 'CodeIgniter\Session\Handlers\FileHandler' driver.
WARNING - 2023-11-26 04:37:53 --> Session: Sessions is enabled, and one exists. Please don't $session->start();
WARNING - 2023-11-26 04:37:53 --> Session: Sessions is enabled, and one exists. Please don't $session->start();
INFO - 2023-11-26 04:37:59 --> Session: Class initialized using 'CodeIgniter\Session\Handlers\FileHandler' driver.
WARNING - 2023-11-26 04:37:59 --> Session: Sessions is enabled, and one exists. Please don't $session->start();
INFO - 2023-11-26 04:38:03 --> Session: Class initialized using 'CodeIgniter\Session\Handlers\FileHandler' driver.
WARNING - 2023-11-26 04:38:03 --> Session: Sessions is enabled, and one exists. Please don't $session->start();
INFO - 2023-11-26 04:38:03 --> Session: Class initialized using 'CodeIgniter\Session\Handlers\FileHandler' driver.
WARNING - 2023-11-26 04:38:03 --> Session: Sessions is enabled, and one exists. Please don't $session->start();
CRITICAL - 2023-11-26 04:38:03 --> Trying to access array offset on value of type null
in APPPATH/Views/transactions/evaluation/evaluation_form_edit.php on line 31.
 1 APPPATH/Views/transactions/evaluation/evaluation_form_edit.php(31): CodeIgniter\Debug\Exceptions->errorHandler(8, 'Trying to access array offset on value of type null', '/Applications/XAMPP/xamppfiles/htdocs/headmaster_evaluation/app/Views/transactions/evaluation/evaluation_form_edit.php', 31, [...])
 2 SYSTEMPATH/View/View.php(228): include('/Applications/XAMPP/xamppfiles/htdocs/headmaster_evaluation/app/Views/transactions/evaluation/evaluation_form_edit.php')
 3 SYSTEMPATH/View/View.php(231): CodeIgniter\View\View->CodeIgniter\View\{closure}()
 4 SYSTEMPATH/Common.php(1190): CodeIgniter\View\View->render('transactions/evaluation/evaluation_form_edit', [], true)
 5 APPPATH/Controllers/EvaluationController.php(250): view('transactions/evaluation/evaluation_form_edit', [...])
 6 SYSTEMPATH/CodeIgniter.php(942): App\Controllers\EvaluationController->view('images', 'favicon.png')
 7 SYSTEMPATH/CodeIgniter.php(502): CodeIgniter\CodeIgniter->runController(Object(App\Controllers\EvaluationController))
 8 SYSTEMPATH/CodeIgniter.php(361): CodeIgniter\CodeIgniter->handleRequest(null, Object(Config\Cache), false)
 9 FCPATH/index.php(79): CodeIgniter\CodeIgniter->run()
10 SYSTEMPATH/Commands/Server/rewrite.php(47): require_once('/Applications/XAMPP/xamppfiles/htdocs/headmaster_evaluation/public/index.php')
INFO - 2023-11-26 04:38:07 --> Session: Class initialized using 'CodeIgniter\Session\Handlers\FileHandler' driver.
WARNING - 2023-11-26 04:38:07 --> Session: Sessions is enabled, and one exists. Please don't $session->start();
INFO - 2023-11-26 04:38:08 --> Session: Class initialized using 'CodeIgniter\Session\Handlers\FileHandler' driver.
WARNING - 2023-11-26 04:38:08 --> Session: Sessions is enabled, and one exists. Please don't $session->start();
WARNING - 2023-11-26 04:38:08 --> Session: Sessions is enabled, and one exists. Please don't $session->start();
INFO - 2023-11-26 04:38:10 --> Session: Class initialized using 'CodeIgniter\Session\Handlers\FileHandler' driver.
INFO - 2023-11-26 04:38:10 --> Session: Class initialized using 'CodeIgniter\Session\Handlers\FileHandler' driver.
INFO - 2023-11-26 04:38:13 --> Session: Class initialized using 'CodeIgniter\Session\Handlers\FileHandler' driver.
INFO - 2023-11-26 04:38:13 --> Session: Class initialized using 'CodeIgniter\Session\Handlers\FileHandler' driver.
INFO - 2023-11-26 04:38:14 --> Session: Class initialized using 'CodeIgniter\Session\Handlers\FileHandler' driver.
INFO - 2023-11-26 04:38:14 --> Session: Class initialized using 'CodeIgniter\Session\Handlers\FileHandler' driver.
INFO - 2023-11-26 04:38:19 --> Session: Class initialized using 'CodeIgniter\Session\Handlers\FileHandler' driver.
INFO - 2023-11-26 04:38:19 --> Session: Class initialized using 'CodeIgniter\Session\Handlers\FileHandler' driver.
INFO - 2023-11-26 04:38:26 --> Session: Class initialized using 'CodeIgniter\Session\Handlers\FileHandler' driver.
INFO - 2023-11-26 04:38:26 --> Session: Class initialized using 'CodeIgniter\Session\Handlers\FileHandler' driver.
INFO - 2023-11-26 04:38:27 --> Session: Class initialized using 'CodeIgniter\Session\Handlers\FileHandler' driver.
INFO - 2023-11-26 04:38:29 --> Session: Class initialized using 'CodeIgniter\Session\Handlers\FileHandler' driver.
WARNING - 2023-11-26 04:38:29 --> Session: Sessions is enabled, and one exists. Please don't $session->start();
INFO - 2023-11-26 04:38:29 --> Session: Class initialized using 'CodeIgniter\Session\Handlers\FileHandler' driver.
WARNING - 2023-11-26 04:38:29 --> Session: Sessions is enabled, and one exists. Please don't $session->start();
WARNING - 2023-11-26 04:38:29 --> Session: Sessions is enabled, and one exists. Please don't $session->start();
INFO - 2023-11-26 04:38:33 --> Session: Class initialized using 'CodeIgniter\Session\Handlers\FileHandler' driver.
WARNING - 2023-11-26 04:38:33 --> Session: Sessions is enabled, and one exists. Please don't $session->start();
INFO - 2023-11-26 04:38:40 --> Session: Class initialized using 'CodeIgniter\Session\Handlers\FileHandler' driver.
WARNING - 2023-11-26 04:38:40 --> Session: Sessions is enabled, and one exists. Please don't $session->start();
INFO - 2023-11-26 04:38:46 --> Session: Class initialized using 'CodeIgniter\Session\Handlers\FileHandler' driver.
WARNING - 2023-11-26 04:38:46 --> Session: Sessions is enabled, and one exists. Please don't $session->start();
INFO - 2023-11-26 04:38:51 --> Session: Class initialized using 'CodeIgniter\Session\Handlers\FileHandler' driver.
WARNING - 2023-11-26 04:38:51 --> Session: Sessions is enabled, and one exists. Please don't $session->start();
INFO - 2023-11-26 04:38:52 --> Session: Class initialized using 'CodeIgniter\Session\Handlers\FileHandler' driver.
WARNING - 2023-11-26 04:38:52 --> Session: Sessions is enabled, and one exists. Please don't $session->start();
WARNING - 2023-11-26 04:38:52 --> Session: Sessions is enabled, and one exists. Please don't $session->start();
INFO - 2023-11-26 13:25:01 --> Session: Class initialized using 'CodeIgniter\Session\Handlers\FileHandler' driver.
INFO - 2023-11-26 13:25:01 --> Session: Class initialized using 'CodeIgniter\Session\Handlers\FileHandler' driver.
INFO - 2023-11-26 13:25:08 --> Session: Class initialized using 'CodeIgniter\Session\Handlers\FileHandler' driver.
INFO - 2023-11-26 13:25:08 --> Session: Class initialized using 'CodeIgniter\Session\Handlers\FileHandler' driver.
INFO - 2023-11-26 13:25:08 --> Session: Class initialized using 'CodeIgniter\Session\Handlers\FileHandler' driver.
INFO - 2023-11-26 13:25:15 --> Session: Class initialized using 'CodeIgniter\Session\Handlers\FileHandler' driver.
INFO - 2023-11-26 13:25:16 --> Session: Class initialized using 'CodeIgniter\Session\Handlers\FileHandler' driver.
INFO - 2023-11-26 13:25:18 --> Session: Class initialized using 'CodeIgniter\Session\Handlers\FileHandler' driver.
INFO - 2023-11-26 13:31:58 --> Session: Class initialized using 'CodeIgniter\Session\Handlers\FileHandler' driver.
INFO - 2023-11-26 13:32:14 --> Session: Class initialized using 'CodeIgniter\Session\Handlers\FileHandler' driver.
INFO - 2023-11-26 13:32:30 --> Session: Class initialized using 'CodeIgniter\Session\Handlers\FileHandler' driver.
INFO - 2023-11-26 13:32:48 --> Session: Class initialized using 'CodeIgniter\Session\Handlers\FileHandler' driver.
INFO - 2023-11-26 13:34:40 --> Session: Class initialized using 'CodeIgniter\Session\Handlers\FileHandler' driver.
INFO - 2023-11-26 13:34:55 --> Session: Class initialized using 'CodeIgniter\Session\Handlers\FileHandler' driver.
INFO - 2023-11-26 13:35:15 --> Session: Class initialized using 'CodeIgniter\Session\Handlers\FileHandler' driver.
INFO - 2023-11-26 13:35:22 --> Session: Class initialized using 'CodeIgniter\Session\Handlers\FileHandler' driver.
INFO - 2023-11-26 13:35:29 --> Session: Class initialized using 'CodeIgniter\Session\Handlers\FileHandler' driver.
INFO - 2023-11-26 13:35:38 --> Session: Class initialized using 'CodeIgniter\Session\Handlers\FileHandler' driver.
INFO - 2023-11-26 13:38:38 --> Session: Class initialized using 'CodeIgniter\Session\Handlers\FileHandler' driver.
INFO - 2023-11-26 13:39:07 --> Session: Class initialized using 'CodeIgniter\Session\Handlers\FileHandler' driver.
INFO - 2023-11-26 13:39:15 --> Session: Class initialized using 'CodeIgniter\Session\Handlers\FileHandler' driver.
INFO - 2023-11-26 13:40:34 --> Session: Class initialized using 'CodeIgniter\Session\Handlers\FileHandler' driver.
INFO - 2023-11-26 13:40:53 --> Session: Class initialized using 'CodeIgniter\Session\Handlers\FileHandler' driver.
INFO - 2023-11-26 13:45:25 --> Session: Class initialized using 'CodeIgniter\Session\Handlers\FileHandler' driver.
INFO - 2023-11-26 13:45:51 --> Session: Class initialized using 'CodeIgniter\Session\Handlers\FileHandler' driver.
INFO - 2023-11-26 13:46:11 --> Session: Class initialized using 'CodeIgniter\Session\Handlers\FileHandler' driver.
INFO - 2023-11-26 13:46:55 --> Session: Class initialized using 'CodeIgniter\Session\Handlers\FileHandler' driver.
INFO - 2023-11-26 13:47:06 --> Session: Class initialized using 'CodeIgniter\Session\Handlers\FileHandler' driver.
INFO - 2023-11-26 13:47:55 --> Session: Class initialized using 'CodeIgniter\Session\Handlers\FileHandler' driver.
INFO - 2023-11-26 13:48:14 --> Session: Class initialized using 'CodeIgniter\Session\Handlers\FileHandler' driver.
INFO - 2023-11-26 13:49:10 --> Session: Class initialized using 'CodeIgniter\Session\Handlers\FileHandler' driver.
INFO - 2023-11-26 13:49:23 --> Session: Class initialized using 'CodeIgniter\Session\Handlers\FileHandler' driver.
INFO - 2023-11-26 13:49:52 --> Session: Class initialized using 'CodeIgniter\Session\Handlers\FileHandler' driver.
INFO - 2023-11-26 13:50:30 --> Session: Class initialized using 'CodeIgniter\Session\Handlers\FileHandler' driver.
INFO - 2023-11-26 13:51:12 --> Session: Class initialized using 'CodeIgniter\Session\Handlers\FileHandler' driver.
INFO - 2023-11-26 13:51:47 --> Session: Class initialized using 'CodeIgniter\Session\Handlers\FileHandler' driver.
INFO - 2023-11-26 13:53:45 --> Session: Class initialized using 'CodeIgniter\Session\Handlers\FileHandler' driver.
INFO - 2023-11-26 13:53:45 --> Session: Class initialized using 'CodeIgniter\Session\Handlers\FileHandler' driver.
INFO - 2023-11-26 13:53:45 --> Session: Class initialized using 'CodeIgniter\Session\Handlers\FileHandler' driver.
INFO - 2023-11-26 13:53:48 --> Session: Class initialized using 'CodeIgniter\Session\Handlers\FileHandler' driver.
INFO - 2023-11-26 13:54:43 --> Session: Class initialized using 'CodeIgniter\Session\Handlers\FileHandler' driver.
INFO - 2023-11-26 13:54:43 --> Session: Class initialized using 'CodeIgniter\Session\Handlers\FileHandler' driver.
INFO - 2023-11-26 13:54:45 --> Session: Class initialized using 'CodeIgniter\Session\Handlers\FileHandler' driver.
INFO - 2023-11-26 13:55:04 --> Session: Class initialized using 'CodeIgniter\Session\Handlers\FileHandler' driver.
INFO - 2023-11-26 13:55:46 --> Session: Class initialized using 'CodeIgniter\Session\Handlers\FileHandler' driver.
INFO - 2023-11-26 13:55:46 --> Session: Class initialized using 'CodeIgniter\Session\Handlers\FileHandler' driver.
INFO - 2023-11-26 13:55:46 --> Session: Class initialized using 'CodeIgniter\Session\Handlers\FileHandler' driver.
INFO - 2023-11-26 13:55:48 --> Session: Class initialized using 'CodeIgniter\Session\Handlers\FileHandler' driver.
INFO - 2023-11-26 13:57:07 --> Session: Class initialized using 'CodeIgniter\Session\Handlers\FileHandler' driver.
INFO - 2023-11-26 13:57:07 --> Session: Class initialized using 'CodeIgniter\Session\Handlers\FileHandler' driver.
INFO - 2023-11-26 13:57:09 --> Session: Class initialized using 'CodeIgniter\Session\Handlers\FileHandler' driver.
INFO - 2023-11-26 13:57:25 --> Session: Class initialized using 'CodeIgniter\Session\Handlers\FileHandler' driver.
INFO - 2023-11-26 14:01:06 --> Session: Class initialized using 'CodeIgniter\Session\Handlers\FileHandler' driver.
INFO - 2023-11-26 14:01:18 --> Session: Class initialized using 'CodeIgniter\Session\Handlers\FileHandler' driver.
INFO - 2023-11-26 14:02:33 --> Session: Class initialized using 'CodeIgniter\Session\Handlers\FileHandler' driver.
INFO - 2023-11-26 14:04:22 --> Session: Class initialized using 'CodeIgniter\Session\Handlers\FileHandler' driver.
INFO - 2023-11-26 14:04:32 --> Session: Class initialized using 'CodeIgniter\Session\Handlers\FileHandler' driver.
INFO - 2023-11-26 14:10:21 --> Session: Class initialized using 'CodeIgniter\Session\Handlers\FileHandler' driver.
INFO - 2023-11-26 14:10:32 --> Session: Class initialized using 'CodeIgniter\Session\Handlers\FileHandler' driver.
INFO - 2023-11-26 14:10:51 --> Session: Class initialized using 'CodeIgniter\Session\Handlers\FileHandler' driver.
INFO - 2023-11-26 14:10:51 --> Session: Class initialized using 'CodeIgniter\Session\Handlers\FileHandler' driver.
INFO - 2023-11-26 14:10:55 --> Session: Class initialized using 'CodeIgniter\Session\Handlers\FileHandler' driver.
INFO - 2023-11-26 14:10:55 --> Session: Class initialized using 'CodeIgniter\Session\Handlers\FileHandler' driver.
INFO - 2023-11-26 14:10:57 --> Session: Class initialized using 'CodeIgniter\Session\Handlers\FileHandler' driver.
INFO - 2023-11-26 14:12:17 --> Session: Class initialized using 'CodeIgniter\Session\Handlers\FileHandler' driver.
INFO - 2023-11-26 14:12:17 --> Session: Class initialized using 'CodeIgniter\Session\Handlers\FileHandler' driver.
INFO - 2023-11-26 14:12:17 --> Session: Class initialized using 'CodeIgniter\Session\Handlers\FileHandler' driver.
INFO - 2023-11-26 14:12:20 --> Session: Class initialized using 'CodeIgniter\Session\Handlers\FileHandler' driver.
INFO - 2023-11-26 14:12:59 --> Session: Class initialized using 'CodeIgniter\Session\Handlers\FileHandler' driver.
INFO - 2023-11-26 14:14:05 --> Session: Class initialized using 'CodeIgniter\Session\Handlers\FileHandler' driver.
INFO - 2023-11-26 14:14:05 --> Session: Class initialized using 'CodeIgniter\Session\Handlers\FileHandler' driver.
INFO - 2023-11-26 14:14:05 --> Session: Class initialized using 'CodeIgniter\Session\Handlers\FileHandler' driver.
INFO - 2023-11-26 14:14:07 --> Session: Class initialized using 'CodeIgniter\Session\Handlers\FileHandler' driver.
INFO - 2023-11-26 14:14:12 --> Session: Class initialized using 'CodeIgniter\Session\Handlers\FileHandler' driver.
INFO - 2023-11-26 14:14:35 --> Session: Class initialized using 'CodeIgniter\Session\Handlers\FileHandler' driver.
INFO - 2023-11-26 14:14:35 --> Session: Class initialized using 'CodeIgniter\Session\Handlers\FileHandler' driver.
INFO - 2023-11-26 14:14:37 --> Session: Class initialized using 'CodeIgniter\Session\Handlers\FileHandler' driver.
INFO - 2023-11-26 14:19:30 --> Session: Class initialized using 'CodeIgniter\Session\Handlers\FileHandler' driver.
INFO - 2023-11-26 14:19:30 --> Session: Class initialized using 'CodeIgniter\Session\Handlers\FileHandler' driver.
INFO - 2023-11-26 14:19:31 --> Session: Class initialized using 'CodeIgniter\Session\Handlers\FileHandler' driver.
INFO - 2023-11-26 14:19:33 --> Session: Class initialized using 'CodeIgniter\Session\Handlers\FileHandler' driver.
INFO - 2023-11-26 14:19:39 --> Session: Class initialized using 'CodeIgniter\Session\Handlers\FileHandler' driver.
INFO - 2023-11-26 14:19:44 --> Session: Class initialized using 'CodeIgniter\Session\Handlers\FileHandler' driver.
INFO - 2023-11-26 14:19:52 --> Session: Class initialized using 'CodeIgniter\Session\Handlers\FileHandler' driver.
INFO - 2023-11-26 14:21:23 --> Session: Class initialized using 'CodeIgniter\Session\Handlers\FileHandler' driver.
INFO - 2023-11-26 14:21:23 --> Session: Class initialized using 'CodeIgniter\Session\Handlers\FileHandler' driver.
INFO - 2023-11-26 14:21:23 --> Session: Class initialized using 'CodeIgniter\Session\Handlers\FileHandler' driver.
INFO - 2023-11-26 14:21:29 --> Session: Class initialized using 'CodeIgniter\Session\Handlers\FileHandler' driver.
WARNING - 2023-11-26 14:21:29 --> Session: Sessions is enabled, and one exists. Please don't $session->start();
INFO - 2023-11-26 14:21:29 --> Session: Class initialized using 'CodeIgniter\Session\Handlers\FileHandler' driver.
WARNING - 2023-11-26 14:21:29 --> Session: Sessions is enabled, and one exists. Please don't $session->start();
WARNING - 2023-11-26 14:21:29 --> Session: Sessions is enabled, and one exists. Please don't $session->start();
INFO - 2023-11-26 14:21:33 --> Session: Class initialized using 'CodeIgniter\Session\Handlers\FileHandler' driver.
INFO - 2023-11-26 14:21:34 --> Session: Class initialized using 'CodeIgniter\Session\Handlers\FileHandler' driver.
INFO - 2023-11-26 14:21:40 --> Session: Class initialized using 'CodeIgniter\Session\Handlers\FileHandler' driver.
INFO - 2023-11-26 14:25:34 --> Session: Class initialized using 'CodeIgniter\Session\Handlers\FileHandler' driver.
INFO - 2023-11-26 14:25:34 --> Session: Class initialized using 'CodeIgniter\Session\Handlers\FileHandler' driver.
INFO - 2023-11-26 14:25:37 --> Session: Class initialized using 'CodeIgniter\Session\Handlers\FileHandler' driver.
INFO - 2023-11-26 14:25:37 --> Session: Class initialized using 'CodeIgniter\Session\Handlers\FileHandler' driver.
CRITICAL - 2023-11-26 14:25:37 --> Trying to access array offset on value of type null
in APPPATH/Views/setting/question/question_form_edit.php on line 32.
 1 APPPATH/Views/setting/question/question_form_edit.php(32): CodeIgniter\Debug\Exceptions->errorHandler(8, 'Trying to access array offset on value of type null', '/Applications/XAMPP/xamppfiles/htdocs/headmaster_evaluation/app/Views/setting/question/question_form_edit.php', 32, [...])
 2 SYSTEMPATH/View/View.php(228): include('/Applications/XAMPP/xamppfiles/htdocs/headmaster_evaluation/app/Views/setting/question/question_form_edit.php')
 3 SYSTEMPATH/View/View.php(231): CodeIgniter\View\View->CodeIgniter\View\{closure}()
 4 SYSTEMPATH/Common.php(1190): CodeIgniter\View\View->render('setting/question/question_form_edit', [], true)
 5 APPPATH/Controllers/QuestionController.php(167): view('setting/question/question_form_edit', [...])
 6 SYSTEMPATH/CodeIgniter.php(942): App\Controllers\QuestionController->edit('images', 'favicon.png')
 7 SYSTEMPATH/CodeIgniter.php(502): CodeIgniter\CodeIgniter->runController(Object(App\Controllers\QuestionController))
 8 SYSTEMPATH/CodeIgniter.php(361): CodeIgniter\CodeIgniter->handleRequest(null, Object(Config\Cache), false)
 9 FCPATH/index.php(79): CodeIgniter\CodeIgniter->run()
10 SYSTEMPATH/Commands/Server/rewrite.php(47): require_once('/Applications/XAMPP/xamppfiles/htdocs/headmaster_evaluation/public/index.php')
INFO - 2023-11-26 14:25:49 --> Session: Class initialized using 'CodeIgniter\Session\Handlers\FileHandler' driver.
INFO - 2023-11-26 14:25:49 --> Session: Class initialized using 'CodeIgniter\Session\Handlers\FileHandler' driver.
CRITICAL - 2023-11-26 14:25:49 --> Trying to access array offset on value of type null
in APPPATH/Views/setting/question/question_form_edit.php on line 32.
 1 APPPATH/Views/setting/question/question_form_edit.php(32): CodeIgniter\Debug\Exceptions->errorHandler(8, 'Trying to access array offset on value of type null', '/Applications/XAMPP/xamppfiles/htdocs/headmaster_evaluation/app/Views/setting/question/question_form_edit.php', 32, [...])
 2 SYSTEMPATH/View/View.php(228): include('/Applications/XAMPP/xamppfiles/htdocs/headmaster_evaluation/app/Views/setting/question/question_form_edit.php')
 3 SYSTEMPATH/View/View.php(231): CodeIgniter\View\View->CodeIgniter\View\{closure}()
 4 SYSTEMPATH/Common.php(1190): CodeIgniter\View\View->render('setting/question/question_form_edit', [], true)
 5 APPPATH/Controllers/QuestionController.php(167): view('setting/question/question_form_edit', [...])
 6 SYSTEMPATH/CodeIgniter.php(942): App\Controllers\QuestionController->edit('images', 'favicon.png')
 7 SYSTEMPATH/CodeIgniter.php(502): CodeIgniter\CodeIgniter->runController(Object(App\Controllers\QuestionController))
 8 SYSTEMPATH/CodeIgniter.php(361): CodeIgniter\CodeIgniter->handleRequest(null, Object(Config\Cache), false)
 9 FCPATH/index.php(79): CodeIgniter\CodeIgniter->run()
10 SYSTEMPATH/Commands/Server/rewrite.php(47): require_once('/Applications/XAMPP/xamppfiles/htdocs/headmaster_evaluation/public/index.php')
INFO - 2023-11-26 14:26:07 --> Session: Class initialized using 'CodeIgniter\Session\Handlers\FileHandler' driver.
INFO - 2023-11-26 14:26:07 --> Session: Class initialized using 'CodeIgniter\Session\Handlers\FileHandler' driver.
CRITICAL - 2023-11-26 14:26:07 --> Trying to access array offset on value of type null
in APPPATH/Views/setting/question/question_form_edit.php on line 32.
 1 APPPATH/Views/setting/question/question_form_edit.php(32): CodeIgniter\Debug\Exceptions->errorHandler(8, 'Trying to access array offset on value of type null', '/Applications/XAMPP/xamppfiles/htdocs/headmaster_evaluation/app/Views/setting/question/question_form_edit.php', 32, [...])
 2 SYSTEMPATH/View/View.php(228): include('/Applications/XAMPP/xamppfiles/htdocs/headmaster_evaluation/app/Views/setting/question/question_form_edit.php')
 3 SYSTEMPATH/View/View.php(231): CodeIgniter\View\View->CodeIgniter\View\{closure}()
 4 SYSTEMPATH/Common.php(1190): CodeIgniter\View\View->render('setting/question/question_form_edit', [], true)
 5 APPPATH/Controllers/QuestionController.php(167): view('setting/question/question_form_edit', [...])
 6 SYSTEMPATH/CodeIgniter.php(942): App\Controllers\QuestionController->edit('images', 'favicon.png')
 7 SYSTEMPATH/CodeIgniter.php(502): CodeIgniter\CodeIgniter->runController(Object(App\Controllers\QuestionController))
 8 SYSTEMPATH/CodeIgniter.php(361): CodeIgniter\CodeIgniter->handleRequest(null, Object(Config\Cache), false)
 9 FCPATH/index.php(79): CodeIgniter\CodeIgniter->run()
10 SYSTEMPATH/Commands/Server/rewrite.php(47): require_once('/Applications/XAMPP/xamppfiles/htdocs/headmaster_evaluation/public/index.php')
INFO - 2023-11-26 14:27:00 --> Session: Class initialized using 'CodeIgniter\Session\Handlers\FileHandler' driver.
INFO - 2023-11-26 14:27:00 --> Session: Class initialized using 'CodeIgniter\Session\Handlers\FileHandler' driver.
INFO - 2023-11-26 14:27:00 --> Session: Class initialized using 'CodeIgniter\Session\Handlers\FileHandler' driver.
INFO - 2023-11-26 14:27:03 --> Session: Class initialized using 'CodeIgniter\Session\Handlers\FileHandler' driver.
INFO - 2023-11-26 14:27:07 --> Session: Class initialized using 'CodeIgniter\Session\Handlers\FileHandler' driver.
INFO - 2023-11-26 14:27:08 --> Session: Class initialized using 'CodeIgniter\Session\Handlers\FileHandler' driver.
CRITICAL - 2023-11-26 14:27:08 --> Trying to access array offset on value of type null
in APPPATH/Views/setting/question/question_form_edit.php on line 32.
 1 APPPATH/Views/setting/question/question_form_edit.php(32): CodeIgniter\Debug\Exceptions->errorHandler(8, 'Trying to access array offset on value of type null', '/Applications/XAMPP/xamppfiles/htdocs/headmaster_evaluation/app/Views/setting/question/question_form_edit.php', 32, [...])
 2 SYSTEMPATH/View/View.php(228): include('/Applications/XAMPP/xamppfiles/htdocs/headmaster_evaluation/app/Views/setting/question/question_form_edit.php')
 3 SYSTEMPATH/View/View.php(231): CodeIgniter\View\View->CodeIgniter\View\{closure}()
 4 SYSTEMPATH/Common.php(1190): CodeIgniter\View\View->render('setting/question/question_form_edit', [], true)
 5 APPPATH/Controllers/QuestionController.php(167): view('setting/question/question_form_edit', [...])
 6 SYSTEMPATH/CodeIgniter.php(942): App\Controllers\QuestionController->edit('images', 'favicon.png')
 7 SYSTEMPATH/CodeIgniter.php(502): CodeIgniter\CodeIgniter->runController(Object(App\Controllers\QuestionController))
 8 SYSTEMPATH/CodeIgniter.php(361): CodeIgniter\CodeIgniter->handleRequest(null, Object(Config\Cache), false)
 9 FCPATH/index.php(79): CodeIgniter\CodeIgniter->run()
10 SYSTEMPATH/Commands/Server/rewrite.php(47): require_once('/Applications/XAMPP/xamppfiles/htdocs/headmaster_evaluation/public/index.php')
INFO - 2023-11-26 14:28:20 --> Session: Class initialized using 'CodeIgniter\Session\Handlers\FileHandler' driver.
INFO - 2023-11-26 14:28:21 --> Session: Class initialized using 'CodeIgniter\Session\Handlers\FileHandler' driver.
CRITICAL - 2023-11-26 14:28:21 --> Trying to access array offset on value of type null
in APPPATH/Views/setting/question/question_form_edit.php on line 32.
 1 APPPATH/Views/setting/question/question_form_edit.php(32): CodeIgniter\Debug\Exceptions->errorHandler(8, 'Trying to access array offset on value of type null', '/Applications/XAMPP/xamppfiles/htdocs/headmaster_evaluation/app/Views/setting/question/question_form_edit.php', 32, [...])
 2 SYSTEMPATH/View/View.php(228): include('/Applications/XAMPP/xamppfiles/htdocs/headmaster_evaluation/app/Views/setting/question/question_form_edit.php')
 3 SYSTEMPATH/View/View.php(231): CodeIgniter\View\View->CodeIgniter\View\{closure}()
 4 SYSTEMPATH/Common.php(1190): CodeIgniter\View\View->render('setting/question/question_form_edit', [], true)
 5 APPPATH/Controllers/QuestionController.php(167): view('setting/question/question_form_edit', [...])
 6 SYSTEMPATH/CodeIgniter.php(942): App\Controllers\QuestionController->edit('images', 'favicon.png')
 7 SYSTEMPATH/CodeIgniter.php(502): CodeIgniter\CodeIgniter->runController(Object(App\Controllers\QuestionController))
 8 SYSTEMPATH/CodeIgniter.php(361): CodeIgniter\CodeIgniter->handleRequest(null, Object(Config\Cache), false)
 9 FCPATH/index.php(79): CodeIgniter\CodeIgniter->run()
10 SYSTEMPATH/Commands/Server/rewrite.php(47): require_once('/Applications/XAMPP/xamppfiles/htdocs/headmaster_evaluation/public/index.php')
INFO - 2023-11-26 14:28:27 --> Session: Class initialized using 'CodeIgniter\Session\Handlers\FileHandler' driver.
INFO - 2023-11-26 14:28:27 --> Session: Class initialized using 'CodeIgniter\Session\Handlers\FileHandler' driver.
INFO - 2023-11-26 14:28:27 --> Session: Class initialized using 'CodeIgniter\Session\Handlers\FileHandler' driver.
INFO - 2023-11-26 14:28:29 --> Session: Class initialized using 'CodeIgniter\Session\Handlers\FileHandler' driver.
INFO - 2023-11-26 14:28:44 --> Session: Class initialized using 'CodeIgniter\Session\Handlers\FileHandler' driver.
INFO - 2023-11-26 14:28:44 --> Session: Class initialized using 'CodeIgniter\Session\Handlers\FileHandler' driver.
INFO - 2023-11-26 14:28:53 --> Session: Class initialized using 'CodeIgniter\Session\Handlers\FileHandler' driver.
INFO - 2023-11-26 14:28:53 --> Session: Class initialized using 'CodeIgniter\Session\Handlers\FileHandler' driver.
INFO - 2023-11-26 14:29:00 --> Session: Class initialized using 'CodeIgniter\Session\Handlers\FileHandler' driver.
INFO - 2023-11-26 14:29:00 --> Session: Class initialized using 'CodeIgniter\Session\Handlers\FileHandler' driver.
CRITICAL - 2023-11-26 14:29:00 --> Undefined offset: 0
in APPPATH/Views/dashboard.php on line 94.
 1 APPPATH/Views/dashboard.php(94): CodeIgniter\Debug\Exceptions->errorHandler(8, 'Undefined offset: 0', '/Applications/XAMPP/xamppfiles/htdocs/headmaster_evaluation/app/Views/dashboard.php', 94, [...])
 2 SYSTEMPATH/View/View.php(228): include('/Applications/XAMPP/xamppfiles/htdocs/headmaster_evaluation/app/Views/dashboard.php')
 3 SYSTEMPATH/View/View.php(231): CodeIgniter\View\View->CodeIgniter\View\{closure}()
 4 SYSTEMPATH/Common.php(1190): CodeIgniter\View\View->render('dashboard', [], true)
 5 APPPATH/Controllers/DashboardController.php(35): view('dashboard', [...])
 6 SYSTEMPATH/CodeIgniter.php(942): App\Controllers\DashboardController->index()
 7 SYSTEMPATH/CodeIgniter.php(502): CodeIgniter\CodeIgniter->runController(Object(App\Controllers\DashboardController))
 8 SYSTEMPATH/CodeIgniter.php(361): CodeIgniter\CodeIgniter->handleRequest(null, Object(Config\Cache), false)
 9 FCPATH/index.php(79): CodeIgniter\CodeIgniter->run()
10 SYSTEMPATH/Commands/Server/rewrite.php(47): require_once('/Applications/XAMPP/xamppfiles/htdocs/headmaster_evaluation/public/index.php')
INFO - 2023-11-26 14:29:48 --> Session: Class initialized using 'CodeIgniter\Session\Handlers\FileHandler' driver.
CRITICAL - 2023-11-26 14:29:48 --> Undefined offset: 0
in APPPATH/Views/dashboard.php on line 95.
 1 APPPATH/Views/dashboard.php(95): CodeIgniter\Debug\Exceptions->errorHandler(8, 'Undefined offset: 0', '/Applications/XAMPP/xamppfiles/htdocs/headmaster_evaluation/app/Views/dashboard.php', 95, [...])
 2 SYSTEMPATH/View/View.php(228): include('/Applications/XAMPP/xamppfiles/htdocs/headmaster_evaluation/app/Views/dashboard.php')
 3 SYSTEMPATH/View/View.php(231): CodeIgniter\View\View->CodeIgniter\View\{closure}()
 4 SYSTEMPATH/Common.php(1190): CodeIgniter\View\View->render('dashboard', [], true)
 5 APPPATH/Controllers/DashboardController.php(35): view('dashboard', [...])
 6 SYSTEMPATH/CodeIgniter.php(942): App\Controllers\DashboardController->index()
 7 SYSTEMPATH/CodeIgniter.php(502): CodeIgniter\CodeIgniter->runController(Object(App\Controllers\DashboardController))
 8 SYSTEMPATH/CodeIgniter.php(361): CodeIgniter\CodeIgniter->handleRequest(null, Object(Config\Cache), false)
 9 FCPATH/index.php(79): CodeIgniter\CodeIgniter->run()
10 SYSTEMPATH/Commands/Server/rewrite.php(47): require_once('/Applications/XAMPP/xamppfiles/htdocs/headmaster_evaluation/public/index.php')
INFO - 2023-11-26 14:31:02 --> Session: Class initialized using 'CodeIgniter\Session\Handlers\FileHandler' driver.
CRITICAL - 2023-11-26 14:31:02 --> Call to undefined function now()
in APPPATH/Views/dashboard.php on line 95.
 1 SYSTEMPATH/View/View.php(228): include()
 2 SYSTEMPATH/View/View.php(231): CodeIgniter\View\View->CodeIgniter\View\{closure}()
 3 SYSTEMPATH/Common.php(1190): CodeIgniter\View\View->render('dashboard', [], true)
 4 APPPATH/Controllers/DashboardController.php(35): view('dashboard', [...])
 5 SYSTEMPATH/CodeIgniter.php(942): App\Controllers\DashboardController->index()
 6 SYSTEMPATH/CodeIgniter.php(502): CodeIgniter\CodeIgniter->runController(Object(App\Controllers\DashboardController))
 7 SYSTEMPATH/CodeIgniter.php(361): CodeIgniter\CodeIgniter->handleRequest(null, Object(Config\Cache), false)
 8 FCPATH/index.php(79): CodeIgniter\CodeIgniter->run()
 9 SYSTEMPATH/Commands/Server/rewrite.php(47): require_once('/Applications/XAMPP/xamppfiles/htdocs/headmaster_evaluation/public/index.php')
INFO - 2023-11-26 14:31:15 --> Session: Class initialized using 'CodeIgniter\Session\Handlers\FileHandler' driver.
INFO - 2023-11-26 14:31:15 --> Session: Class initialized using 'CodeIgniter\Session\Handlers\FileHandler' driver.
INFO - 2023-11-26 14:31:35 --> Session: Class initialized using 'CodeIgniter\Session\Handlers\FileHandler' driver.
WARNING - 2023-11-26 14:31:35 --> Session: Sessions is enabled, and one exists. Please don't $session->start();
INFO - 2023-11-26 14:31:35 --> Session: Class initialized using 'CodeIgniter\Session\Handlers\FileHandler' driver.
WARNING - 2023-11-26 14:31:35 --> Session: Sessions is enabled, and one exists. Please don't $session->start();
WARNING - 2023-11-26 14:31:35 --> Session: Sessions is enabled, and one exists. Please don't $session->start();
INFO - 2023-11-26 14:31:39 --> Session: Class initialized using 'CodeIgniter\Session\Handlers\FileHandler' driver.
WARNING - 2023-11-26 14:31:39 --> Session: Sessions is enabled, and one exists. Please don't $session->start();
INFO - 2023-11-26 14:31:39 --> Session: Class initialized using 'CodeIgniter\Session\Handlers\FileHandler' driver.
WARNING - 2023-11-26 14:31:39 --> Session: Sessions is enabled, and one exists. Please don't $session->start();
WARNING - 2023-11-26 14:31:39 --> Session: Sessions is enabled, and one exists. Please don't $session->start();
INFO - 2023-11-26 14:31:40 --> Session: Class initialized using 'CodeIgniter\Session\Handlers\FileHandler' driver.
WARNING - 2023-11-26 14:31:40 --> Session: Sessions is enabled, and one exists. Please don't $session->start();
INFO - 2023-11-26 14:32:01 --> Session: Class initialized using 'CodeIgniter\Session\Handlers\FileHandler' driver.
WARNING - 2023-11-26 14:32:01 --> Session: Sessions is enabled, and one exists. Please don't $session->start();
INFO - 2023-11-26 14:32:01 --> Session: Class initialized using 'CodeIgniter\Session\Handlers\FileHandler' driver.
WARNING - 2023-11-26 14:32:01 --> Session: Sessions is enabled, and one exists. Please don't $session->start();
INFO - 2023-11-26 14:32:02 --> Session: Class initialized using 'CodeIgniter\Session\Handlers\FileHandler' driver.
WARNING - 2023-11-26 14:32:02 --> Session: Sessions is enabled, and one exists. Please don't $session->start();
WARNING - 2023-11-26 14:32:02 --> Session: Sessions is enabled, and one exists. Please don't $session->start();
INFO - 2023-11-26 14:32:04 --> Session: Class initialized using 'CodeIgniter\Session\Handlers\FileHandler' driver.
WARNING - 2023-11-26 14:32:04 --> Session: Sessions is enabled, and one exists. Please don't $session->start();
INFO - 2023-11-26 14:32:04 --> Session: Class initialized using 'CodeIgniter\Session\Handlers\FileHandler' driver.
WARNING - 2023-11-26 14:32:04 --> Session: Sessions is enabled, and one exists. Please don't $session->start();
CRITICAL - 2023-11-26 14:32:04 --> Trying to access array offset on value of type null
in APPPATH/Views/transactions/evaluation/evaluation_form_edit.php on line 31.
 1 APPPATH/Views/transactions/evaluation/evaluation_form_edit.php(31): CodeIgniter\Debug\Exceptions->errorHandler(8, 'Trying to access array offset on value of type null', '/Applications/XAMPP/xamppfiles/htdocs/headmaster_evaluation/app/Views/transactions/evaluation/evaluation_form_edit.php', 31, [...])
 2 SYSTEMPATH/View/View.php(228): include('/Applications/XAMPP/xamppfiles/htdocs/headmaster_evaluation/app/Views/transactions/evaluation/evaluation_form_edit.php')
 3 SYSTEMPATH/View/View.php(231): CodeIgniter\View\View->CodeIgniter\View\{closure}()
 4 SYSTEMPATH/Common.php(1190): CodeIgniter\View\View->render('transactions/evaluation/evaluation_form_edit', [], true)
 5 APPPATH/Controllers/EvaluationController.php(250): view('transactions/evaluation/evaluation_form_edit', [...])
 6 SYSTEMPATH/CodeIgniter.php(942): App\Controllers\EvaluationController->view('images', 'favicon.png')
 7 SYSTEMPATH/CodeIgniter.php(502): CodeIgniter\CodeIgniter->runController(Object(App\Controllers\EvaluationController))
 8 SYSTEMPATH/CodeIgniter.php(361): CodeIgniter\CodeIgniter->handleRequest(null, Object(Config\Cache), false)
 9 FCPATH/index.php(79): CodeIgniter\CodeIgniter->run()
10 SYSTEMPATH/Commands/Server/rewrite.php(47): require_once('/Applications/XAMPP/xamppfiles/htdocs/headmaster_evaluation/public/index.php')
INFO - 2023-11-26 14:32:17 --> Session: Class initialized using 'CodeIgniter\Session\Handlers\FileHandler' driver.
WARNING - 2023-11-26 14:32:17 --> Session: Sessions is enabled, and one exists. Please don't $session->start();
INFO - 2023-11-26 14:32:17 --> Session: Class initialized using 'CodeIgniter\Session\Handlers\FileHandler' driver.
WARNING - 2023-11-26 14:32:17 --> Session: Sessions is enabled, and one exists. Please don't $session->start();
WARNING - 2023-11-26 14:32:17 --> Session: Sessions is enabled, and one exists. Please don't $session->start();
INFO - 2023-11-26 14:32:25 --> Session: Class initialized using 'CodeIgniter\Session\Handlers\FileHandler' driver.
WARNING - 2023-11-26 14:32:25 --> Session: Sessions is enabled, and one exists. Please don't $session->start();
INFO - 2023-11-26 14:32:26 --> Session: Class initialized using 'CodeIgniter\Session\Handlers\FileHandler' driver.
WARNING - 2023-11-26 14:32:26 --> Session: Sessions is enabled, and one exists. Please don't $session->start();
CRITICAL - 2023-11-26 14:32:26 --> Trying to access array offset on value of type null
in APPPATH/Views/transactions/evaluation/evaluation_form_edit.php on line 31.
 1 APPPATH/Views/transactions/evaluation/evaluation_form_edit.php(31): CodeIgniter\Debug\Exceptions->errorHandler(8, 'Trying to access array offset on value of type null', '/Applications/XAMPP/xamppfiles/htdocs/headmaster_evaluation/app/Views/transactions/evaluation/evaluation_form_edit.php', 31, [...])
 2 SYSTEMPATH/View/View.php(228): include('/Applications/XAMPP/xamppfiles/htdocs/headmaster_evaluation/app/Views/transactions/evaluation/evaluation_form_edit.php')
 3 SYSTEMPATH/View/View.php(231): CodeIgniter\View\View->CodeIgniter\View\{closure}()
 4 SYSTEMPATH/Common.php(1190): CodeIgniter\View\View->render('transactions/evaluation/evaluation_form_edit', [], true)
 5 APPPATH/Controllers/EvaluationController.php(250): view('transactions/evaluation/evaluation_form_edit', [...])
 6 SYSTEMPATH/CodeIgniter.php(942): App\Controllers\EvaluationController->view('images', 'favicon.png')
 7 SYSTEMPATH/CodeIgniter.php(502): CodeIgniter\CodeIgniter->runController(Object(App\Controllers\EvaluationController))
 8 SYSTEMPATH/CodeIgniter.php(361): CodeIgniter\CodeIgniter->handleRequest(null, Object(Config\Cache), false)
 9 FCPATH/index.php(79): CodeIgniter\CodeIgniter->run()
10 SYSTEMPATH/Commands/Server/rewrite.php(47): require_once('/Applications/XAMPP/xamppfiles/htdocs/headmaster_evaluation/public/index.php')
INFO - 2023-11-26 14:32:30 --> Session: Class initialized using 'CodeIgniter\Session\Handlers\FileHandler' driver.
INFO - 2023-11-26 14:32:30 --> Session: Class initialized using 'CodeIgniter\Session\Handlers\FileHandler' driver.
INFO - 2023-11-26 14:39:55 --> Session: Class initialized using 'CodeIgniter\Session\Handlers\FileHandler' driver.
INFO - 2023-11-26 14:39:56 --> Session: Class initialized using 'CodeIgniter\Session\Handlers\FileHandler' driver.
CRITICAL - 2023-11-26 14:39:56 --> Undefined variable: data
in APPPATH/Controllers/DashboardController.php on line 45.
 1 APPPATH/Controllers/DashboardController.php(45): CodeIgniter\Debug\Exceptions->errorHandler(8, 'Undefined variable: data', '/Applications/XAMPP/xamppfiles/htdocs/headmaster_evaluation/app/Controllers/DashboardController.php', 45, [...])
 2 SYSTEMPATH/CodeIgniter.php(942): App\Controllers\DashboardController->getdata()
 3 SYSTEMPATH/CodeIgniter.php(502): CodeIgniter\CodeIgniter->runController(Object(App\Controllers\DashboardController))
 4 SYSTEMPATH/CodeIgniter.php(361): CodeIgniter\CodeIgniter->handleRequest(null, Object(Config\Cache), false)
 5 FCPATH/index.php(79): CodeIgniter\CodeIgniter->run()
 6 SYSTEMPATH/Commands/Server/rewrite.php(47): require_once('/Applications/XAMPP/xamppfiles/htdocs/headmaster_evaluation/public/index.php')
INFO - 2023-11-26 14:40:16 --> Session: Class initialized using 'CodeIgniter\Session\Handlers\FileHandler' driver.
INFO - 2023-11-26 14:40:16 --> Session: Class initialized using 'CodeIgniter\Session\Handlers\FileHandler' driver.
CRITICAL - 2023-11-26 14:40:16 --> Undefined variable: data
in APPPATH/Controllers/DashboardController.php on line 45.
 1 APPPATH/Controllers/DashboardController.php(45): CodeIgniter\Debug\Exceptions->errorHandler(8, 'Undefined variable: data', '/Applications/XAMPP/xamppfiles/htdocs/headmaster_evaluation/app/Controllers/DashboardController.php', 45, [...])
 2 SYSTEMPATH/CodeIgniter.php(942): App\Controllers\DashboardController->getdata()
 3 SYSTEMPATH/CodeIgniter.php(502): CodeIgniter\CodeIgniter->runController(Object(App\Controllers\DashboardController))
 4 SYSTEMPATH/CodeIgniter.php(361): CodeIgniter\CodeIgniter->handleRequest(null, Object(Config\Cache), false)
 5 FCPATH/index.php(79): CodeIgniter\CodeIgniter->run()
 6 SYSTEMPATH/Commands/Server/rewrite.php(47): require_once('/Applications/XAMPP/xamppfiles/htdocs/headmaster_evaluation/public/index.php')
INFO - 2023-11-26 14:40:51 --> Session: Class initialized using 'CodeIgniter\Session\Handlers\FileHandler' driver.
INFO - 2023-11-26 14:40:52 --> Session: Class initialized using 'CodeIgniter\Session\Handlers\FileHandler' driver.
INFO - 2023-11-26 14:40:56 --> Session: Class initialized using 'CodeIgniter\Session\Handlers\FileHandler' driver.
WARNING - 2023-11-26 14:40:56 --> Session: Sessions is enabled, and one exists. Please don't $session->start();
INFO - 2023-11-26 14:40:57 --> Session: Class initialized using 'CodeIgniter\Session\Handlers\FileHandler' driver.
WARNING - 2023-11-26 14:40:57 --> Session: Sessions is enabled, and one exists. Please don't $session->start();
WARNING - 2023-11-26 14:40:57 --> Session: Sessions is enabled, and one exists. Please don't $session->start();
INFO - 2023-11-26 14:40:58 --> Session: Class initialized using 'CodeIgniter\Session\Handlers\FileHandler' driver.
WARNING - 2023-11-26 14:40:58 --> Session: Sessions is enabled, and one exists. Please don't $session->start();
INFO - 2023-11-26 14:41:08 --> Session: Class initialized using 'CodeIgniter\Session\Handlers\FileHandler' driver.
WARNING - 2023-11-26 14:41:08 --> Session: Sessions is enabled, and one exists. Please don't $session->start();
INFO - 2023-11-26 14:41:08 --> Session: Class initialized using 'CodeIgniter\Session\Handlers\FileHandler' driver.
WARNING - 2023-11-26 14:41:08 --> Session: Sessions is enabled, and one exists. Please don't $session->start();
INFO - 2023-11-26 14:41:08 --> Session: Class initialized using 'CodeIgniter\Session\Handlers\FileHandler' driver.
WARNING - 2023-11-26 14:41:08 --> Session: Sessions is enabled, and one exists. Please don't $session->start();
WARNING - 2023-11-26 14:41:08 --> Session: Sessions is enabled, and one exists. Please don't $session->start();
INFO - 2023-11-26 14:41:19 --> Session: Class initialized using 'CodeIgniter\Session\Handlers\FileHandler' driver.
WARNING - 2023-11-26 14:41:19 --> Session: Sessions is enabled, and one exists. Please don't $session->start();
INFO - 2023-11-26 14:41:19 --> Session: Class initialized using 'CodeIgniter\Session\Handlers\FileHandler' driver.
WARNING - 2023-11-26 14:41:19 --> Session: Sessions is enabled, and one exists. Please don't $session->start();
CRITICAL - 2023-11-26 14:41:19 --> Trying to access array offset on value of type null
in APPPATH/Views/transactions/evaluation/evaluation_form_edit.php on line 31.
 1 APPPATH/Views/transactions/evaluation/evaluation_form_edit.php(31): CodeIgniter\Debug\Exceptions->errorHandler(8, 'Trying to access array offset on value of type null', '/Applications/XAMPP/xamppfiles/htdocs/headmaster_evaluation/app/Views/transactions/evaluation/evaluation_form_edit.php', 31, [...])
 2 SYSTEMPATH/View/View.php(228): include('/Applications/XAMPP/xamppfiles/htdocs/headmaster_evaluation/app/Views/transactions/evaluation/evaluation_form_edit.php')
 3 SYSTEMPATH/View/View.php(231): CodeIgniter\View\View->CodeIgniter\View\{closure}()
 4 SYSTEMPATH/Common.php(1190): CodeIgniter\View\View->render('transactions/evaluation/evaluation_form_edit', [], true)
 5 APPPATH/Controllers/EvaluationController.php(252): view('transactions/evaluation/evaluation_form_edit', [...])
 6 SYSTEMPATH/CodeIgniter.php(942): App\Controllers\EvaluationController->view('images', 'favicon.png')
 7 SYSTEMPATH/CodeIgniter.php(502): CodeIgniter\CodeIgniter->runController(Object(App\Controllers\EvaluationController))
 8 SYSTEMPATH/CodeIgniter.php(361): CodeIgniter\CodeIgniter->handleRequest(null, Object(Config\Cache), false)
 9 FCPATH/index.php(79): CodeIgniter\CodeIgniter->run()
10 SYSTEMPATH/Commands/Server/rewrite.php(47): require_once('/Applications/XAMPP/xamppfiles/htdocs/headmaster_evaluation/public/index.php')
INFO - 2023-11-26 14:41:33 --> Session: Class initialized using 'CodeIgniter\Session\Handlers\FileHandler' driver.
INFO - 2023-11-26 14:41:33 --> Session: Class initialized using 'CodeIgniter\Session\Handlers\FileHandler' driver.
INFO - 2023-11-26 14:43:21 --> Session: Class initialized using 'CodeIgniter\Session\Handlers\FileHandler' driver.
WARNING - 2023-11-26 14:43:21 --> Session: Sessions is enabled, and one exists. Please don't $session->start();
INFO - 2023-11-26 14:43:21 --> Session: Class initialized using 'CodeIgniter\Session\Handlers\FileHandler' driver.
WARNING - 2023-11-26 14:43:21 --> Session: Sessions is enabled, and one exists. Please don't $session->start();
WARNING - 2023-11-26 14:43:21 --> Session: Sessions is enabled, and one exists. Please don't $session->start();
INFO - 2023-11-26 14:43:23 --> Session: Class initialized using 'CodeIgniter\Session\Handlers\FileHandler' driver.
INFO - 2023-11-26 14:43:23 --> Session: Class initialized using 'CodeIgniter\Session\Handlers\FileHandler' driver.
INFO - 2023-11-26 14:43:40 --> Session: Class initialized using 'CodeIgniter\Session\Handlers\FileHandler' driver.
WARNING - 2023-11-26 14:43:40 --> Session: Sessions is enabled, and one exists. Please don't $session->start();
INFO - 2023-11-26 14:43:40 --> Session: Class initialized using 'CodeIgniter\Session\Handlers\FileHandler' driver.
WARNING - 2023-11-26 14:43:40 --> Session: Sessions is enabled, and one exists. Please don't $session->start();
WARNING - 2023-11-26 14:43:40 --> Session: Sessions is enabled, and one exists. Please don't $session->start();
INFO - 2023-11-26 14:43:58 --> Session: Class initialized using 'CodeIgniter\Session\Handlers\FileHandler' driver.
WARNING - 2023-11-26 14:43:58 --> Session: Sessions is enabled, and one exists. Please don't $session->start();
INFO - 2023-11-26 14:43:58 --> Session: Class initialized using 'CodeIgniter\Session\Handlers\FileHandler' driver.
WARNING - 2023-11-26 14:43:58 --> Session: Sessions is enabled, and one exists. Please don't $session->start();
CRITICAL - 2023-11-26 14:43:58 --> Trying to access array offset on value of type null
in APPPATH/Views/transactions/evaluation/evaluation_form_edit.php on line 31.
 1 APPPATH/Views/transactions/evaluation/evaluation_form_edit.php(31): CodeIgniter\Debug\Exceptions->errorHandler(8, 'Trying to access array offset on value of type null', '/Applications/XAMPP/xamppfiles/htdocs/headmaster_evaluation/app/Views/transactions/evaluation/evaluation_form_edit.php', 31, [...])
 2 SYSTEMPATH/View/View.php(228): include('/Applications/XAMPP/xamppfiles/htdocs/headmaster_evaluation/app/Views/transactions/evaluation/evaluation_form_edit.php')
 3 SYSTEMPATH/View/View.php(231): CodeIgniter\View\View->CodeIgniter\View\{closure}()
 4 SYSTEMPATH/Common.php(1190): CodeIgniter\View\View->render('transactions/evaluation/evaluation_form_edit', [], true)
 5 APPPATH/Controllers/EvaluationController.php(252): view('transactions/evaluation/evaluation_form_edit', [...])
 6 SYSTEMPATH/CodeIgniter.php(942): App\Controllers\EvaluationController->view('images', 'favicon.png')
 7 SYSTEMPATH/CodeIgniter.php(502): CodeIgniter\CodeIgniter->runController(Object(App\Controllers\EvaluationController))
 8 SYSTEMPATH/CodeIgniter.php(361): CodeIgniter\CodeIgniter->handleRequest(null, Object(Config\Cache), false)
 9 FCPATH/index.php(79): CodeIgniter\CodeIgniter->run()
10 SYSTEMPATH/Commands/Server/rewrite.php(47): require_once('/Applications/XAMPP/xamppfiles/htdocs/headmaster_evaluation/public/index.php')
