INFO - 2023-11-17 14:36:39 --> Session: Class initialized using 'CodeIgniter\Session\Handlers\FileHandler' driver.
INFO - 2023-11-17 14:36:50 --> Session: Class initialized using 'CodeIgniter\Session\Handlers\FileHandler' driver.
INFO - 2023-11-17 14:36:50 --> Session: Class initialized using 'CodeIgniter\Session\Handlers\FileHandler' driver.
INFO - 2023-11-17 14:36:52 --> Session: Class initialized using 'CodeIgniter\Session\Handlers\FileHandler' driver.
WARNING - 2023-11-17 14:36:52 --> Session: Sessions is enabled, and one exists. Please don't $session->start();
INFO - 2023-11-17 14:36:53 --> Session: Class initialized using 'CodeIgniter\Session\Handlers\FileHandler' driver.
WARNING - 2023-11-17 14:36:53 --> Session: Sessions is enabled, and one exists. Please don't $session->start();
INFO - 2023-11-17 14:37:00 --> Session: Class initialized using 'CodeIgniter\Session\Handlers\FileHandler' driver.
WARNING - 2023-11-17 14:37:00 --> Session: Sessions is enabled, and one exists. Please don't $session->start();
INFO - 2023-11-17 14:41:54 --> Session: Class initialized using 'CodeIgniter\Session\Handlers\FileHandler' driver.
WARNING - 2023-11-17 14:41:54 --> Session: Sessions is enabled, and one exists. Please don't $session->start();
INFO - 2023-11-17 14:42:19 --> Session: Class initialized using 'CodeIgniter\Session\Handlers\FileHandler' driver.
WARNING - 2023-11-17 14:42:19 --> Session: Sessions is enabled, and one exists. Please don't $session->start();
INFO - 2023-11-17 14:59:25 --> Session: Class initialized using 'CodeIgniter\Session\Handlers\FileHandler' driver.
WARNING - 2023-11-17 14:59:25 --> Session: Sessions is enabled, and one exists. Please don't $session->start();
INFO - 2023-11-17 15:00:00 --> Session: Class initialized using 'CodeIgniter\Session\Handlers\FileHandler' driver.
WARNING - 2023-11-17 15:00:00 --> Session: Sessions is enabled, and one exists. Please don't $session->start();
INFO - 2023-11-17 15:00:49 --> Session: Class initialized using 'CodeIgniter\Session\Handlers\FileHandler' driver.
WARNING - 2023-11-17 15:00:49 --> Session: Sessions is enabled, and one exists. Please don't $session->start();
INFO - 2023-11-17 15:01:04 --> Session: Class initialized using 'CodeIgniter\Session\Handlers\FileHandler' driver.
WARNING - 2023-11-17 15:01:04 --> Session: Sessions is enabled, and one exists. Please don't $session->start();
INFO - 2023-11-17 15:03:48 --> Session: Class initialized using 'CodeIgniter\Session\Handlers\FileHandler' driver.
WARNING - 2023-11-17 15:03:48 --> Session: Sessions is enabled, and one exists. Please don't $session->start();
INFO - 2023-11-17 15:04:24 --> Session: Class initialized using 'CodeIgniter\Session\Handlers\FileHandler' driver.
WARNING - 2023-11-17 15:04:24 --> Session: Sessions is enabled, and one exists. Please don't $session->start();
INFO - 2023-11-17 15:05:23 --> Session: Class initialized using 'CodeIgniter\Session\Handlers\FileHandler' driver.
WARNING - 2023-11-17 15:05:23 --> Session: Sessions is enabled, and one exists. Please don't $session->start();
INFO - 2023-11-17 15:12:12 --> Session: Class initialized using 'CodeIgniter\Session\Handlers\FileHandler' driver.
WARNING - 2023-11-17 15:12:12 --> Session: Sessions is enabled, and one exists. Please don't $session->start();
INFO - 2023-11-17 15:12:34 --> Session: Class initialized using 'CodeIgniter\Session\Handlers\FileHandler' driver.
WARNING - 2023-11-17 15:12:34 --> Session: Sessions is enabled, and one exists. Please don't $session->start();
INFO - 2023-11-17 15:13:56 --> Session: Class initialized using 'CodeIgniter\Session\Handlers\FileHandler' driver.
WARNING - 2023-11-17 15:13:56 --> Session: Sessions is enabled, and one exists. Please don't $session->start();
INFO - 2023-11-17 15:14:39 --> Session: Class initialized using 'CodeIgniter\Session\Handlers\FileHandler' driver.
WARNING - 2023-11-17 15:14:39 --> Session: Sessions is enabled, and one exists. Please don't $session->start();
INFO - 2023-11-17 15:15:03 --> Session: Class initialized using 'CodeIgniter\Session\Handlers\FileHandler' driver.
WARNING - 2023-11-17 15:15:03 --> Session: Sessions is enabled, and one exists. Please don't $session->start();
INFO - 2023-11-17 15:15:12 --> Session: Class initialized using 'CodeIgniter\Session\Handlers\FileHandler' driver.
WARNING - 2023-11-17 15:15:12 --> Session: Sessions is enabled, and one exists. Please don't $session->start();
INFO - 2023-11-17 15:16:21 --> Session: Class initialized using 'CodeIgniter\Session\Handlers\FileHandler' driver.
WARNING - 2023-11-17 15:16:21 --> Session: Sessions is enabled, and one exists. Please don't $session->start();
INFO - 2023-11-17 15:16:58 --> Session: Class initialized using 'CodeIgniter\Session\Handlers\FileHandler' driver.
WARNING - 2023-11-17 15:16:58 --> Session: Sessions is enabled, and one exists. Please don't $session->start();
INFO - 2023-11-17 15:18:27 --> Session: Class initialized using 'CodeIgniter\Session\Handlers\FileHandler' driver.
WARNING - 2023-11-17 15:18:27 --> Session: Sessions is enabled, and one exists. Please don't $session->start();
INFO - 2023-11-17 15:30:33 --> Session: Class initialized using 'CodeIgniter\Session\Handlers\FileHandler' driver.
WARNING - 2023-11-17 15:30:33 --> Session: Sessions is enabled, and one exists. Please don't $session->start();
INFO - 2023-11-17 15:31:04 --> Session: Class initialized using 'CodeIgniter\Session\Handlers\FileHandler' driver.
WARNING - 2023-11-17 15:31:04 --> Session: Sessions is enabled, and one exists. Please don't $session->start();
INFO - 2023-11-17 15:31:26 --> Session: Class initialized using 'CodeIgniter\Session\Handlers\FileHandler' driver.
WARNING - 2023-11-17 15:31:26 --> Session: Sessions is enabled, and one exists. Please don't $session->start();
INFO - 2023-11-17 15:31:47 --> Session: Class initialized using 'CodeIgniter\Session\Handlers\FileHandler' driver.
WARNING - 2023-11-17 15:31:47 --> Session: Sessions is enabled, and one exists. Please don't $session->start();
INFO - 2023-11-17 15:32:23 --> Session: Class initialized using 'CodeIgniter\Session\Handlers\FileHandler' driver.
WARNING - 2023-11-17 15:32:23 --> Session: Sessions is enabled, and one exists. Please don't $session->start();
INFO - 2023-11-17 15:33:03 --> Session: Class initialized using 'CodeIgniter\Session\Handlers\FileHandler' driver.
WARNING - 2023-11-17 15:33:03 --> Session: Sessions is enabled, and one exists. Please don't $session->start();
INFO - 2023-11-17 15:33:29 --> Session: Class initialized using 'CodeIgniter\Session\Handlers\FileHandler' driver.
WARNING - 2023-11-17 15:33:29 --> Session: Sessions is enabled, and one exists. Please don't $session->start();
INFO - 2023-11-17 15:34:15 --> Session: Class initialized using 'CodeIgniter\Session\Handlers\FileHandler' driver.
WARNING - 2023-11-17 15:34:15 --> Session: Sessions is enabled, and one exists. Please don't $session->start();
INFO - 2023-11-17 15:35:57 --> Session: Class initialized using 'CodeIgniter\Session\Handlers\FileHandler' driver.
WARNING - 2023-11-17 15:35:58 --> Session: Sessions is enabled, and one exists. Please don't $session->start();
INFO - 2023-11-17 15:36:53 --> Session: Class initialized using 'CodeIgniter\Session\Handlers\FileHandler' driver.
WARNING - 2023-11-17 15:36:53 --> Session: Sessions is enabled, and one exists. Please don't $session->start();
INFO - 2023-11-17 15:39:36 --> Session: Class initialized using 'CodeIgniter\Session\Handlers\FileHandler' driver.
WARNING - 2023-11-17 15:39:36 --> Session: Sessions is enabled, and one exists. Please don't $session->start();
INFO - 2023-11-17 15:40:17 --> Session: Class initialized using 'CodeIgniter\Session\Handlers\FileHandler' driver.
WARNING - 2023-11-17 15:40:17 --> Session: Sessions is enabled, and one exists. Please don't $session->start();
INFO - 2023-11-17 15:40:34 --> Session: Class initialized using 'CodeIgniter\Session\Handlers\FileHandler' driver.
WARNING - 2023-11-17 15:40:34 --> Session: Sessions is enabled, and one exists. Please don't $session->start();
INFO - 2023-11-17 15:43:40 --> Session: Class initialized using 'CodeIgniter\Session\Handlers\FileHandler' driver.
WARNING - 2023-11-17 15:43:40 --> Session: Sessions is enabled, and one exists. Please don't $session->start();
INFO - 2023-11-17 15:44:07 --> Session: Class initialized using 'CodeIgniter\Session\Handlers\FileHandler' driver.
WARNING - 2023-11-17 15:44:07 --> Session: Sessions is enabled, and one exists. Please don't $session->start();
INFO - 2023-11-17 15:44:16 --> Session: Class initialized using 'CodeIgniter\Session\Handlers\FileHandler' driver.
WARNING - 2023-11-17 15:44:16 --> Session: Sessions is enabled, and one exists. Please don't $session->start();
INFO - 2023-11-17 15:44:27 --> Session: Class initialized using 'CodeIgniter\Session\Handlers\FileHandler' driver.
WARNING - 2023-11-17 15:44:27 --> Session: Sessions is enabled, and one exists. Please don't $session->start();
INFO - 2023-11-17 15:44:51 --> Session: Class initialized using 'CodeIgniter\Session\Handlers\FileHandler' driver.
WARNING - 2023-11-17 15:44:51 --> Session: Sessions is enabled, and one exists. Please don't $session->start();
INFO - 2023-11-17 15:44:51 --> Session: Class initialized using 'CodeIgniter\Session\Handlers\FileHandler' driver.
WARNING - 2023-11-17 15:44:51 --> Session: Sessions is enabled, and one exists. Please don't $session->start();
WARNING - 2023-11-17 15:44:51 --> Session: Sessions is enabled, and one exists. Please don't $session->start();
INFO - 2023-11-17 15:44:53 --> Session: Class initialized using 'CodeIgniter\Session\Handlers\FileHandler' driver.
WARNING - 2023-11-17 15:44:53 --> Session: Sessions is enabled, and one exists. Please don't $session->start();
INFO - 2023-11-17 15:44:56 --> Session: Class initialized using 'CodeIgniter\Session\Handlers\FileHandler' driver.
WARNING - 2023-11-17 15:44:56 --> Session: Sessions is enabled, and one exists. Please don't $session->start();
INFO - 2023-11-17 15:45:16 --> Session: Class initialized using 'CodeIgniter\Session\Handlers\FileHandler' driver.
WARNING - 2023-11-17 15:45:16 --> Session: Sessions is enabled, and one exists. Please don't $session->start();
INFO - 2023-11-17 15:45:16 --> Session: Class initialized using 'CodeIgniter\Session\Handlers\FileHandler' driver.
WARNING - 2023-11-17 15:45:16 --> Session: Sessions is enabled, and one exists. Please don't $session->start();
INFO - 2023-11-17 15:45:18 --> Session: Class initialized using 'CodeIgniter\Session\Handlers\FileHandler' driver.
WARNING - 2023-11-17 15:45:18 --> Session: Sessions is enabled, and one exists. Please don't $session->start();
INFO - 2023-11-17 15:46:30 --> Session: Class initialized using 'CodeIgniter\Session\Handlers\FileHandler' driver.
WARNING - 2023-11-17 15:46:30 --> Session: Sessions is enabled, and one exists. Please don't $session->start();
INFO - 2023-11-17 15:48:35 --> Session: Class initialized using 'CodeIgniter\Session\Handlers\FileHandler' driver.
WARNING - 2023-11-17 15:48:35 --> Session: Sessions is enabled, and one exists. Please don't $session->start();
INFO - 2023-11-17 15:49:04 --> Session: Class initialized using 'CodeIgniter\Session\Handlers\FileHandler' driver.
WARNING - 2023-11-17 15:49:04 --> Session: Sessions is enabled, and one exists. Please don't $session->start();
INFO - 2023-11-17 15:51:31 --> Session: Class initialized using 'CodeIgniter\Session\Handlers\FileHandler' driver.
WARNING - 2023-11-17 15:51:31 --> Session: Sessions is enabled, and one exists. Please don't $session->start();
INFO - 2023-11-17 15:51:50 --> Session: Class initialized using 'CodeIgniter\Session\Handlers\FileHandler' driver.
WARNING - 2023-11-17 15:51:50 --> Session: Sessions is enabled, and one exists. Please don't $session->start();
INFO - 2023-11-17 15:51:50 --> Session: Class initialized using 'CodeIgniter\Session\Handlers\FileHandler' driver.
WARNING - 2023-11-17 15:51:50 --> Session: Sessions is enabled, and one exists. Please don't $session->start();
INFO - 2023-11-17 15:51:50 --> Session: Class initialized using 'CodeIgniter\Session\Handlers\FileHandler' driver.
WARNING - 2023-11-17 15:51:50 --> Session: Sessions is enabled, and one exists. Please don't $session->start();
INFO - 2023-11-17 15:53:42 --> Session: Class initialized using 'CodeIgniter\Session\Handlers\FileHandler' driver.
WARNING - 2023-11-17 15:53:42 --> Session: Sessions is enabled, and one exists. Please don't $session->start();
INFO - 2023-11-17 15:54:03 --> Session: Class initialized using 'CodeIgniter\Session\Handlers\FileHandler' driver.
WARNING - 2023-11-17 15:54:03 --> Session: Sessions is enabled, and one exists. Please don't $session->start();
INFO - 2023-11-17 15:54:19 --> Session: Class initialized using 'CodeIgniter\Session\Handlers\FileHandler' driver.
WARNING - 2023-11-17 15:54:19 --> Session: Sessions is enabled, and one exists. Please don't $session->start();
INFO - 2023-11-17 15:54:35 --> Session: Class initialized using 'CodeIgniter\Session\Handlers\FileHandler' driver.
WARNING - 2023-11-17 15:54:35 --> Session: Sessions is enabled, and one exists. Please don't $session->start();
INFO - 2023-11-17 15:55:33 --> Session: Class initialized using 'CodeIgniter\Session\Handlers\FileHandler' driver.
WARNING - 2023-11-17 15:55:33 --> Session: Sessions is enabled, and one exists. Please don't $session->start();
CRITICAL - 2023-11-17 15:55:34 --> Undefined variable: errorMessage
in APPPATH/Controllers/EvaluationController.php on line 132.
 1 APPPATH/Controllers/EvaluationController.php(132): CodeIgniter\Debug\Exceptions->errorHandler(8, 'Undefined variable: errorMessage', '/Applications/XAMPP/xamppfiles/htdocs/headmaster_evaluation/app/Controllers/EvaluationController.php', 132, [...])
 2 SYSTEMPATH/CodeIgniter.php(942): App\Controllers\EvaluationController->store()
 3 SYSTEMPATH/CodeIgniter.php(502): CodeIgniter\CodeIgniter->runController(Object(App\Controllers\EvaluationController))
 4 SYSTEMPATH/CodeIgniter.php(361): CodeIgniter\CodeIgniter->handleRequest(null, Object(Config\Cache), false)
 5 FCPATH/index.php(79): CodeIgniter\CodeIgniter->run()
 6 SYSTEMPATH/Commands/Server/rewrite.php(47): require_once('/Applications/XAMPP/xamppfiles/htdocs/headmaster_evaluation/public/index.php')
INFO - 2023-11-17 15:55:47 --> Session: Class initialized using 'CodeIgniter\Session\Handlers\FileHandler' driver.
WARNING - 2023-11-17 15:55:47 --> Session: Sessions is enabled, and one exists. Please don't $session->start();
INFO - 2023-11-17 15:55:47 --> Session: Class initialized using 'CodeIgniter\Session\Handlers\FileHandler' driver.
WARNING - 2023-11-17 15:55:47 --> Session: Sessions is enabled, and one exists. Please don't $session->start();
INFO - 2023-11-17 15:55:47 --> Session: Class initialized using 'CodeIgniter\Session\Handlers\FileHandler' driver.
WARNING - 2023-11-17 15:55:47 --> Session: Sessions is enabled, and one exists. Please don't $session->start();
INFO - 2023-11-17 15:56:06 --> Session: Class initialized using 'CodeIgniter\Session\Handlers\FileHandler' driver.
WARNING - 2023-11-17 15:56:06 --> Session: Sessions is enabled, and one exists. Please don't $session->start();
INFO - 2023-11-17 15:56:30 --> Session: Class initialized using 'CodeIgniter\Session\Handlers\FileHandler' driver.
WARNING - 2023-11-17 15:56:30 --> Session: Sessions is enabled, and one exists. Please don't $session->start();
INFO - 2023-11-17 15:56:30 --> Session: Class initialized using 'CodeIgniter\Session\Handlers\FileHandler' driver.
WARNING - 2023-11-17 15:56:30 --> Session: Sessions is enabled, and one exists. Please don't $session->start();
INFO - 2023-11-17 15:56:30 --> Session: Class initialized using 'CodeIgniter\Session\Handlers\FileHandler' driver.
WARNING - 2023-11-17 15:56:30 --> Session: Sessions is enabled, and one exists. Please don't $session->start();
INFO - 2023-11-17 16:00:57 --> Session: Class initialized using 'CodeIgniter\Session\Handlers\FileHandler' driver.
WARNING - 2023-11-17 16:00:57 --> Session: Sessions is enabled, and one exists. Please don't $session->start();
INFO - 2023-11-17 16:01:14 --> Session: Class initialized using 'CodeIgniter\Session\Handlers\FileHandler' driver.
WARNING - 2023-11-17 16:01:14 --> Session: Sessions is enabled, and one exists. Please don't $session->start();
INFO - 2023-11-17 16:04:19 --> Session: Class initialized using 'CodeIgniter\Session\Handlers\FileHandler' driver.
WARNING - 2023-11-17 16:04:19 --> Session: Sessions is enabled, and one exists. Please don't $session->start();
CRITICAL - 2023-11-17 16:04:19 --> Undefined property: stdClass::$score
in APPPATH/Controllers/EvaluationController.php on line 122.
 1 APPPATH/Controllers/EvaluationController.php(122): CodeIgniter\Debug\Exceptions->errorHandler(8, 'Undefined property: stdClass::$score', '/Applications/XAMPP/xamppfiles/htdocs/headmaster_evaluation/app/Controllers/EvaluationController.php', 122, [...])
 2 SYSTEMPATH/CodeIgniter.php(942): App\Controllers\EvaluationController->store()
 3 SYSTEMPATH/CodeIgniter.php(502): CodeIgniter\CodeIgniter->runController(Object(App\Controllers\EvaluationController))
 4 SYSTEMPATH/CodeIgniter.php(361): CodeIgniter\CodeIgniter->handleRequest(null, Object(Config\Cache), false)
 5 FCPATH/index.php(79): CodeIgniter\CodeIgniter->run()
 6 SYSTEMPATH/Commands/Server/rewrite.php(47): require_once('/Applications/XAMPP/xamppfiles/htdocs/headmaster_evaluation/public/index.php')
INFO - 2023-11-17 16:04:38 --> Session: Class initialized using 'CodeIgniter\Session\Handlers\FileHandler' driver.
WARNING - 2023-11-17 16:04:38 --> Session: Sessions is enabled, and one exists. Please don't $session->start();
CRITICAL - 2023-11-17 16:04:38 --> Cannot use object of type stdClass as array
in APPPATH/Controllers/EvaluationController.php on line 122.
 1 SYSTEMPATH/CodeIgniter.php(942): App\Controllers\EvaluationController->store()
 2 SYSTEMPATH/CodeIgniter.php(502): CodeIgniter\CodeIgniter->runController(Object(App\Controllers\EvaluationController))
 3 SYSTEMPATH/CodeIgniter.php(361): CodeIgniter\CodeIgniter->handleRequest(null, Object(Config\Cache), false)
 4 FCPATH/index.php(79): CodeIgniter\CodeIgniter->run()
 5 SYSTEMPATH/Commands/Server/rewrite.php(47): require_once('/Applications/XAMPP/xamppfiles/htdocs/headmaster_evaluation/public/index.php')
INFO - 2023-11-17 16:05:12 --> Session: Class initialized using 'CodeIgniter\Session\Handlers\FileHandler' driver.
WARNING - 2023-11-17 16:05:12 --> Session: Sessions is enabled, and one exists. Please don't $session->start();
INFO - 2023-11-17 16:05:42 --> Session: Class initialized using 'CodeIgniter\Session\Handlers\FileHandler' driver.
WARNING - 2023-11-17 16:05:42 --> Session: Sessions is enabled, and one exists. Please don't $session->start();
CRITICAL - 2023-11-17 16:05:42 --> Cannot use object of type stdClass as array
in APPPATH/Controllers/EvaluationController.php on line 122.
 1 SYSTEMPATH/CodeIgniter.php(942): App\Controllers\EvaluationController->store()
 2 SYSTEMPATH/CodeIgniter.php(502): CodeIgniter\CodeIgniter->runController(Object(App\Controllers\EvaluationController))
 3 SYSTEMPATH/CodeIgniter.php(361): CodeIgniter\CodeIgniter->handleRequest(null, Object(Config\Cache), false)
 4 FCPATH/index.php(79): CodeIgniter\CodeIgniter->run()
 5 SYSTEMPATH/Commands/Server/rewrite.php(47): require_once('/Applications/XAMPP/xamppfiles/htdocs/headmaster_evaluation/public/index.php')
INFO - 2023-11-17 16:05:56 --> Session: Class initialized using 'CodeIgniter\Session\Handlers\FileHandler' driver.
WARNING - 2023-11-17 16:05:56 --> Session: Sessions is enabled, and one exists. Please don't $session->start();
INFO - 2023-11-17 16:05:56 --> Session: Class initialized using 'CodeIgniter\Session\Handlers\FileHandler' driver.
WARNING - 2023-11-17 16:05:56 --> Session: Sessions is enabled, and one exists. Please don't $session->start();
INFO - 2023-11-17 16:05:56 --> Session: Class initialized using 'CodeIgniter\Session\Handlers\FileHandler' driver.
WARNING - 2023-11-17 16:05:56 --> Session: Sessions is enabled, and one exists. Please don't $session->start();
INFO - 2023-11-17 16:06:12 --> Session: Class initialized using 'CodeIgniter\Session\Handlers\FileHandler' driver.
WARNING - 2023-11-17 16:06:12 --> Session: Sessions is enabled, and one exists. Please don't $session->start();
INFO - 2023-11-17 16:06:26 --> Session: Class initialized using 'CodeIgniter\Session\Handlers\FileHandler' driver.
WARNING - 2023-11-17 16:06:26 --> Session: Sessions is enabled, and one exists. Please don't $session->start();
INFO - 2023-11-17 16:06:26 --> Session: Class initialized using 'CodeIgniter\Session\Handlers\FileHandler' driver.
WARNING - 2023-11-17 16:06:26 --> Session: Sessions is enabled, and one exists. Please don't $session->start();
INFO - 2023-11-17 16:06:26 --> Session: Class initialized using 'CodeIgniter\Session\Handlers\FileHandler' driver.
WARNING - 2023-11-17 16:06:26 --> Session: Sessions is enabled, and one exists. Please don't $session->start();
