INFO - 2023-11-25 13:45:10 --> Session: Class initialized using 'CodeIgniter\Session\Handlers\FileHandler' driver.
INFO - 2023-11-25 13:46:23 --> Session: Class initialized using 'CodeIgniter\Session\Handlers\FileHandler' driver.
ERROR - 2023-11-25 13:46:23 --> Error connecting to the database: mysqli_sql_exception: Connection refused in /Applications/XAMPP/xamppfiles/htdocs/headmaster_evaluation/system/Database/MySQLi/Connection.php:185
Stack trace:
#0 /Applications/XAMPP/xamppfiles/htdocs/headmaster_evaluation/system/Database/MySQLi/Connection.php(185): mysqli->real_connect('127.0.0.1', 'root', '', 'headmaster_eval...', 3306, '', 0)
#1 /Applications/XAMPP/xamppfiles/htdocs/headmaster_evaluation/system/Database/BaseConnection.php(392): CodeIgniter\Database\MySQLi\Connection->connect(false)
#2 /Applications/XAMPP/xamppfiles/htdocs/headmaster_evaluation/system/Database/BaseConnection.php(575): CodeIgniter\Database\BaseConnection->initialize()
#3 /Applications/XAMPP/xamppfiles/htdocs/headmaster_evaluation/system/Database/BaseBuilder.php(1615): CodeIgniter\Database\BaseConnection->query('SELECT *\nFROM `...', Array, false)
#4 /Applications/XAMPP/xamppfiles/htdocs/headmaster_evaluation/system/Model.php(264): CodeIgniter\Database\BaseBuilder->get()
#5 /Applications/XAMPP/xamppfiles/htdocs/headmaster_evaluation/system/BaseModel.php(662): CodeIgniter\Model->doFirst()
#6 /Applications/XAMPP/xamppfiles/htdocs/headmaster_evaluation/app/Controllers/AuthController.php(28): CodeIgniter\BaseModel->first()
#7 /Applications/XAMPP/xamppfiles/htdocs/headmaster_evaluation/system/CodeIgniter.php(942): App\Controllers\AuthController->auth()
#8 /Applications/XAMPP/xamppfiles/htdocs/headmaster_evaluation/system/CodeIgniter.php(502): CodeIgniter\CodeIgniter->runController(Object(App\Controllers\AuthController))
#9 /Applications/XAMPP/xamppfiles/htdocs/headmaster_evaluation/system/CodeIgniter.php(361): CodeIgniter\CodeIgniter->handleRequest(NULL, Object(Config\Cache), false)
#10 /Applications/XAMPP/xamppfiles/htdocs/headmaster_evaluation/public/index.php(79): CodeIgniter\CodeIgniter->run()
#11 /Applications/XAMPP/xamppfiles/htdocs/headmaster_evaluation/system/Commands/Server/rewrite.php(47): require_once('/Applications/X...')
#12 {main}

Next CodeIgniter\Database\Exceptions\DatabaseException: Connection refused in /Applications/XAMPP/xamppfiles/htdocs/headmaster_evaluation/system/Database/MySQLi/Connection.php:229
Stack trace:
#0 /Applications/XAMPP/xamppfiles/htdocs/headmaster_evaluation/system/Database/BaseConnection.php(392): CodeIgniter\Database\MySQLi\Connection->connect(false)
#1 /Applications/XAMPP/xamppfiles/htdocs/headmaster_evaluation/system/Database/BaseConnection.php(575): CodeIgniter\Database\BaseConnection->initialize()
#2 /Applications/XAMPP/xamppfiles/htdocs/headmaster_evaluation/system/Database/BaseBuilder.php(1615): CodeIgniter\Database\BaseConnection->query('SELECT *\nFROM `...', Array, false)
#3 /Applications/XAMPP/xamppfiles/htdocs/headmaster_evaluation/system/Model.php(264): CodeIgniter\Database\BaseBuilder->get()
#4 /Applications/XAMPP/xamppfiles/htdocs/headmaster_evaluation/system/BaseModel.php(662): CodeIgniter\Model->doFirst()
#5 /Applications/XAMPP/xamppfiles/htdocs/headmaster_evaluation/app/Controllers/AuthController.php(28): CodeIgniter\BaseModel->first()
#6 /Applications/XAMPP/xamppfiles/htdocs/headmaster_evaluation/system/CodeIgniter.php(942): App\Controllers\AuthController->auth()
#7 /Applications/XAMPP/xamppfiles/htdocs/headmaster_evaluation/system/CodeIgniter.php(502): CodeIgniter\CodeIgniter->runController(Object(App\Controllers\AuthController))
#8 /Applications/XAMPP/xamppfiles/htdocs/headmaster_evaluation/system/CodeIgniter.php(361): CodeIgniter\CodeIgniter->handleRequest(NULL, Object(Config\Cache), false)
#9 /Applications/XAMPP/xamppfiles/htdocs/headmaster_evaluation/public/index.php(79): CodeIgniter\CodeIgniter->run()
#10 /Applications/XAMPP/xamppfiles/htdocs/headmaster_evaluation/system/Commands/Server/rewrite.php(47): require_once('/Applications/X...')
#11 {main}
CRITICAL - 2023-11-25 13:46:23 --> Unable to connect to the database.
Main connection [MySQLi]: Connection refused
in SYSTEMPATH/Database/BaseConnection.php on line 428.
 1 SYSTEMPATH/Database/BaseConnection.php(575): CodeIgniter\Database\BaseConnection->initialize()
 2 SYSTEMPATH/Database/BaseBuilder.php(1615): CodeIgniter\Database\BaseConnection->query('SELECT *
FROM `users`
WHERE `username` = :username:
 LIMIT 1', [...], false)
 3 SYSTEMPATH/Model.php(264): CodeIgniter\Database\BaseBuilder->get()
 4 SYSTEMPATH/BaseModel.php(662): CodeIgniter\Model->doFirst()
 5 APPPATH/Controllers/AuthController.php(28): CodeIgniter\BaseModel->first()
 6 SYSTEMPATH/CodeIgniter.php(942): App\Controllers\AuthController->auth()
 7 SYSTEMPATH/CodeIgniter.php(502): CodeIgniter\CodeIgniter->runController(Object(App\Controllers\AuthController))
 8 SYSTEMPATH/CodeIgniter.php(361): CodeIgniter\CodeIgniter->handleRequest(null, Object(Config\Cache), false)
 9 FCPATH/index.php(79): CodeIgniter\CodeIgniter->run()
10 SYSTEMPATH/Commands/Server/rewrite.php(47): require_once('/Applications/XAMPP/xamppfiles/htdocs/headmaster_evaluation/public/index.php')
INFO - 2023-11-25 13:47:13 --> Session: Class initialized using 'CodeIgniter\Session\Handlers\FileHandler' driver.
INFO - 2023-11-25 13:47:13 --> Session: Class initialized using 'CodeIgniter\Session\Handlers\FileHandler' driver.
INFO - 2023-11-25 13:47:27 --> Session: Class initialized using 'CodeIgniter\Session\Handlers\FileHandler' driver.
INFO - 2023-11-25 13:47:27 --> Session: Class initialized using 'CodeIgniter\Session\Handlers\FileHandler' driver.
INFO - 2023-11-25 13:47:27 --> Session: Class initialized using 'CodeIgniter\Session\Handlers\FileHandler' driver.
INFO - 2023-11-25 13:48:15 --> Session: Class initialized using 'CodeIgniter\Session\Handlers\FileHandler' driver.
WARNING - 2023-11-25 13:48:15 --> Session: Sessions is enabled, and one exists. Please don't $session->start();
INFO - 2023-11-25 13:48:16 --> Session: Class initialized using 'CodeIgniter\Session\Handlers\FileHandler' driver.
WARNING - 2023-11-25 13:48:16 --> Session: Sessions is enabled, and one exists. Please don't $session->start();
WARNING - 2023-11-25 13:48:16 --> Session: Sessions is enabled, and one exists. Please don't $session->start();
INFO - 2023-11-25 13:48:27 --> Session: Class initialized using 'CodeIgniter\Session\Handlers\FileHandler' driver.
WARNING - 2023-11-25 13:48:27 --> Session: Sessions is enabled, and one exists. Please don't $session->start();
INFO - 2023-11-25 13:48:54 --> Session: Class initialized using 'CodeIgniter\Session\Handlers\FileHandler' driver.
WARNING - 2023-11-25 13:48:54 --> Session: Sessions is enabled, and one exists. Please don't $session->start();
INFO - 2023-11-25 13:48:54 --> Session: Class initialized using 'CodeIgniter\Session\Handlers\FileHandler' driver.
WARNING - 2023-11-25 13:48:54 --> Session: Sessions is enabled, and one exists. Please don't $session->start();
CRITICAL - 2023-11-25 13:48:54 --> Trying to access array offset on value of type null
in APPPATH/Views/transactions/evaluation/evaluation_form_edit.php on line 31.
 1 APPPATH/Views/transactions/evaluation/evaluation_form_edit.php(31): CodeIgniter\Debug\Exceptions->errorHandler(8, 'Trying to access array offset on value of type null', '/Applications/XAMPP/xamppfiles/htdocs/headmaster_evaluation/app/Views/transactions/evaluation/evaluation_form_edit.php', 31, [...])
 2 SYSTEMPATH/View/View.php(228): include('/Applications/XAMPP/xamppfiles/htdocs/headmaster_evaluation/app/Views/transactions/evaluation/evaluation_form_edit.php')
 3 SYSTEMPATH/View/View.php(231): CodeIgniter\View\View->CodeIgniter\View\{closure}()
 4 SYSTEMPATH/Common.php(1190): CodeIgniter\View\View->render('transactions/evaluation/evaluation_form_edit', [], true)
 5 APPPATH/Controllers/EvaluationController.php(250): view('transactions/evaluation/evaluation_form_edit', [...])
 6 SYSTEMPATH/CodeIgniter.php(942): App\Controllers\EvaluationController->view('images', 'favicon.png')
 7 SYSTEMPATH/CodeIgniter.php(502): CodeIgniter\CodeIgniter->runController(Object(App\Controllers\EvaluationController))
 8 SYSTEMPATH/CodeIgniter.php(361): CodeIgniter\CodeIgniter->handleRequest(null, Object(Config\Cache), false)
 9 FCPATH/index.php(79): CodeIgniter\CodeIgniter->run()
10 SYSTEMPATH/Commands/Server/rewrite.php(47): require_once('/Applications/XAMPP/xamppfiles/htdocs/headmaster_evaluation/public/index.php')
INFO - 2023-11-25 13:49:33 --> Session: Class initialized using 'CodeIgniter\Session\Handlers\FileHandler' driver.
WARNING - 2023-11-25 13:49:33 --> Session: Sessions is enabled, and one exists. Please don't $session->start();
INFO - 2023-11-25 13:49:33 --> Session: Class initialized using 'CodeIgniter\Session\Handlers\FileHandler' driver.
WARNING - 2023-11-25 13:49:33 --> Session: Sessions is enabled, and one exists. Please don't $session->start();
WARNING - 2023-11-25 13:49:33 --> Session: Sessions is enabled, and one exists. Please don't $session->start();
INFO - 2023-11-25 13:49:35 --> Session: Class initialized using 'CodeIgniter\Session\Handlers\FileHandler' driver.
WARNING - 2023-11-25 13:49:35 --> Session: Sessions is enabled, and one exists. Please don't $session->start();
INFO - 2023-11-25 13:49:35 --> Session: Class initialized using 'CodeIgniter\Session\Handlers\FileHandler' driver.
WARNING - 2023-11-25 13:49:35 --> Session: Sessions is enabled, and one exists. Please don't $session->start();
WARNING - 2023-11-25 13:49:35 --> Session: Sessions is enabled, and one exists. Please don't $session->start();
INFO - 2023-11-25 13:49:43 --> Session: Class initialized using 'CodeIgniter\Session\Handlers\FileHandler' driver.
WARNING - 2023-11-25 13:49:43 --> Session: Sessions is enabled, and one exists. Please don't $session->start();
INFO - 2023-11-25 13:50:12 --> Session: Class initialized using 'CodeIgniter\Session\Handlers\FileHandler' driver.
WARNING - 2023-11-25 13:50:12 --> Session: Sessions is enabled, and one exists. Please don't $session->start();
INFO - 2023-11-25 13:50:12 --> Session: Class initialized using 'CodeIgniter\Session\Handlers\FileHandler' driver.
WARNING - 2023-11-25 13:50:12 --> Session: Sessions is enabled, and one exists. Please don't $session->start();
INFO - 2023-11-25 13:50:13 --> Session: Class initialized using 'CodeIgniter\Session\Handlers\FileHandler' driver.
WARNING - 2023-11-25 13:50:13 --> Session: Sessions is enabled, and one exists. Please don't $session->start();
WARNING - 2023-11-25 13:50:13 --> Session: Sessions is enabled, and one exists. Please don't $session->start();
INFO - 2023-11-25 13:50:22 --> Session: Class initialized using 'CodeIgniter\Session\Handlers\FileHandler' driver.
WARNING - 2023-11-25 13:50:22 --> Session: Sessions is enabled, and one exists. Please don't $session->start();
INFO - 2023-11-25 13:50:22 --> Session: Class initialized using 'CodeIgniter\Session\Handlers\FileHandler' driver.
WARNING - 2023-11-25 13:50:22 --> Session: Sessions is enabled, and one exists. Please don't $session->start();
CRITICAL - 2023-11-25 13:50:22 --> Trying to access array offset on value of type null
in APPPATH/Views/transactions/evaluation/evaluation_form_edit.php on line 31.
 1 APPPATH/Views/transactions/evaluation/evaluation_form_edit.php(31): CodeIgniter\Debug\Exceptions->errorHandler(8, 'Trying to access array offset on value of type null', '/Applications/XAMPP/xamppfiles/htdocs/headmaster_evaluation/app/Views/transactions/evaluation/evaluation_form_edit.php', 31, [...])
 2 SYSTEMPATH/View/View.php(228): include('/Applications/XAMPP/xamppfiles/htdocs/headmaster_evaluation/app/Views/transactions/evaluation/evaluation_form_edit.php')
 3 SYSTEMPATH/View/View.php(231): CodeIgniter\View\View->CodeIgniter\View\{closure}()
 4 SYSTEMPATH/Common.php(1190): CodeIgniter\View\View->render('transactions/evaluation/evaluation_form_edit', [], true)
 5 APPPATH/Controllers/EvaluationController.php(250): view('transactions/evaluation/evaluation_form_edit', [...])
 6 SYSTEMPATH/CodeIgniter.php(942): App\Controllers\EvaluationController->view('images', 'favicon.png')
 7 SYSTEMPATH/CodeIgniter.php(502): CodeIgniter\CodeIgniter->runController(Object(App\Controllers\EvaluationController))
 8 SYSTEMPATH/CodeIgniter.php(361): CodeIgniter\CodeIgniter->handleRequest(null, Object(Config\Cache), false)
 9 FCPATH/index.php(79): CodeIgniter\CodeIgniter->run()
10 SYSTEMPATH/Commands/Server/rewrite.php(47): require_once('/Applications/XAMPP/xamppfiles/htdocs/headmaster_evaluation/public/index.php')
INFO - 2023-11-25 13:50:36 --> Session: Class initialized using 'CodeIgniter\Session\Handlers\FileHandler' driver.
INFO - 2023-11-25 13:50:36 --> Session: Class initialized using 'CodeIgniter\Session\Handlers\FileHandler' driver.
WARNING - 2023-11-25 13:50:36 --> Session: Sessions is enabled, and one exists. Please don't $session->start();
INFO - 2023-11-25 13:50:51 --> Session: Class initialized using 'CodeIgniter\Session\Handlers\FileHandler' driver.
INFO - 2023-11-25 13:50:51 --> Session: Class initialized using 'CodeIgniter\Session\Handlers\FileHandler' driver.
INFO - 2023-11-25 13:50:58 --> Session: Class initialized using 'CodeIgniter\Session\Handlers\FileHandler' driver.
INFO - 2023-11-25 13:50:58 --> Session: Class initialized using 'CodeIgniter\Session\Handlers\FileHandler' driver.
INFO - 2023-11-25 13:50:58 --> Session: Class initialized using 'CodeIgniter\Session\Handlers\FileHandler' driver.
INFO - 2023-11-25 13:51:38 --> Session: Class initialized using 'CodeIgniter\Session\Handlers\FileHandler' driver.
INFO - 2023-11-25 13:51:38 --> Session: Class initialized using 'CodeIgniter\Session\Handlers\FileHandler' driver.
INFO - 2023-11-25 13:51:52 --> Session: Class initialized using 'CodeIgniter\Session\Handlers\FileHandler' driver.
WARNING - 2023-11-25 13:51:52 --> Session: Sessions is enabled, and one exists. Please don't $session->start();
INFO - 2023-11-25 13:51:52 --> Session: Class initialized using 'CodeIgniter\Session\Handlers\FileHandler' driver.
WARNING - 2023-11-25 13:51:52 --> Session: Sessions is enabled, and one exists. Please don't $session->start();
WARNING - 2023-11-25 13:51:52 --> Session: Sessions is enabled, and one exists. Please don't $session->start();
INFO - 2023-11-25 13:51:59 --> Session: Class initialized using 'CodeIgniter\Session\Handlers\FileHandler' driver.
INFO - 2023-11-25 13:52:00 --> Session: Class initialized using 'CodeIgniter\Session\Handlers\FileHandler' driver.
INFO - 2023-11-25 13:52:14 --> Session: Class initialized using 'CodeIgniter\Session\Handlers\FileHandler' driver.
INFO - 2023-11-25 13:53:16 --> Session: Class initialized using 'CodeIgniter\Session\Handlers\FileHandler' driver.
INFO - 2023-11-25 13:53:16 --> Session: Class initialized using 'CodeIgniter\Session\Handlers\FileHandler' driver.
INFO - 2023-11-25 13:53:18 --> Session: Class initialized using 'CodeIgniter\Session\Handlers\FileHandler' driver.
WARNING - 2023-11-25 13:53:18 --> Session: Sessions is enabled, and one exists. Please don't $session->start();
INFO - 2023-11-25 13:53:18 --> Session: Class initialized using 'CodeIgniter\Session\Handlers\FileHandler' driver.
WARNING - 2023-11-25 13:53:18 --> Session: Sessions is enabled, and one exists. Please don't $session->start();
WARNING - 2023-11-25 13:53:18 --> Session: Sessions is enabled, and one exists. Please don't $session->start();
INFO - 2023-11-25 13:53:32 --> Session: Class initialized using 'CodeIgniter\Session\Handlers\FileHandler' driver.
WARNING - 2023-11-25 13:53:32 --> Session: Sessions is enabled, and one exists. Please don't $session->start();
INFO - 2023-11-25 13:53:48 --> Session: Class initialized using 'CodeIgniter\Session\Handlers\FileHandler' driver.
WARNING - 2023-11-25 13:53:48 --> Session: Sessions is enabled, and one exists. Please don't $session->start();
INFO - 2023-11-25 13:53:48 --> Session: Class initialized using 'CodeIgniter\Session\Handlers\FileHandler' driver.
WARNING - 2023-11-25 13:53:48 --> Session: Sessions is enabled, and one exists. Please don't $session->start();
WARNING - 2023-11-25 13:53:48 --> Session: Sessions is enabled, and one exists. Please don't $session->start();
INFO - 2023-11-25 13:54:01 --> Session: Class initialized using 'CodeIgniter\Session\Handlers\FileHandler' driver.
WARNING - 2023-11-25 13:54:01 --> Session: Sessions is enabled, and one exists. Please don't $session->start();
WARNING - 2023-11-25 13:54:01 --> Session: Sessions is enabled, and one exists. Please don't $session->start();
INFO - 2023-11-25 13:54:02 --> Session: Class initialized using 'CodeIgniter\Session\Handlers\FileHandler' driver.
WARNING - 2023-11-25 13:54:02 --> Session: Sessions is enabled, and one exists. Please don't $session->start();
WARNING - 2023-11-25 13:54:02 --> Session: Sessions is enabled, and one exists. Please don't $session->start();
INFO - 2023-11-25 13:54:02 --> Session: Class initialized using 'CodeIgniter\Session\Handlers\FileHandler' driver.
WARNING - 2023-11-25 13:54:02 --> Session: Sessions is enabled, and one exists. Please don't $session->start();
WARNING - 2023-11-25 13:54:02 --> Session: Sessions is enabled, and one exists. Please don't $session->start();
INFO - 2023-11-25 13:54:03 --> Session: Class initialized using 'CodeIgniter\Session\Handlers\FileHandler' driver.
WARNING - 2023-11-25 13:54:03 --> Session: Sessions is enabled, and one exists. Please don't $session->start();
WARNING - 2023-11-25 13:54:03 --> Session: Sessions is enabled, and one exists. Please don't $session->start();
INFO - 2023-11-25 13:54:03 --> Session: Class initialized using 'CodeIgniter\Session\Handlers\FileHandler' driver.
WARNING - 2023-11-25 13:54:03 --> Session: Sessions is enabled, and one exists. Please don't $session->start();
WARNING - 2023-11-25 13:54:03 --> Session: Sessions is enabled, and one exists. Please don't $session->start();
INFO - 2023-11-25 13:54:04 --> Session: Class initialized using 'CodeIgniter\Session\Handlers\FileHandler' driver.
WARNING - 2023-11-25 13:54:04 --> Session: Sessions is enabled, and one exists. Please don't $session->start();
WARNING - 2023-11-25 13:54:04 --> Session: Sessions is enabled, and one exists. Please don't $session->start();
INFO - 2023-11-25 13:54:04 --> Session: Class initialized using 'CodeIgniter\Session\Handlers\FileHandler' driver.
WARNING - 2023-11-25 13:54:04 --> Session: Sessions is enabled, and one exists. Please don't $session->start();
WARNING - 2023-11-25 13:54:04 --> Session: Sessions is enabled, and one exists. Please don't $session->start();
INFO - 2023-11-25 13:54:05 --> Session: Class initialized using 'CodeIgniter\Session\Handlers\FileHandler' driver.
WARNING - 2023-11-25 13:54:05 --> Session: Sessions is enabled, and one exists. Please don't $session->start();
WARNING - 2023-11-25 13:54:06 --> Session: Sessions is enabled, and one exists. Please don't $session->start();
INFO - 2023-11-25 13:54:07 --> Session: Class initialized using 'CodeIgniter\Session\Handlers\FileHandler' driver.
WARNING - 2023-11-25 13:54:07 --> Session: Sessions is enabled, and one exists. Please don't $session->start();
WARNING - 2023-11-25 13:54:07 --> Session: Sessions is enabled, and one exists. Please don't $session->start();
INFO - 2023-11-25 13:54:09 --> Session: Class initialized using 'CodeIgniter\Session\Handlers\FileHandler' driver.
WARNING - 2023-11-25 13:54:09 --> Session: Sessions is enabled, and one exists. Please don't $session->start();
WARNING - 2023-11-25 13:54:09 --> Session: Sessions is enabled, and one exists. Please don't $session->start();
INFO - 2023-11-25 13:54:10 --> Session: Class initialized using 'CodeIgniter\Session\Handlers\FileHandler' driver.
WARNING - 2023-11-25 13:54:10 --> Session: Sessions is enabled, and one exists. Please don't $session->start();
WARNING - 2023-11-25 13:54:10 --> Session: Sessions is enabled, and one exists. Please don't $session->start();
INFO - 2023-11-25 13:54:10 --> Session: Class initialized using 'CodeIgniter\Session\Handlers\FileHandler' driver.
WARNING - 2023-11-25 13:54:10 --> Session: Sessions is enabled, and one exists. Please don't $session->start();
WARNING - 2023-11-25 13:54:10 --> Session: Sessions is enabled, and one exists. Please don't $session->start();
INFO - 2023-11-25 13:54:15 --> Session: Class initialized using 'CodeIgniter\Session\Handlers\FileHandler' driver.
WARNING - 2023-11-25 13:54:15 --> Session: Sessions is enabled, and one exists. Please don't $session->start();
WARNING - 2023-11-25 13:54:15 --> Session: Sessions is enabled, and one exists. Please don't $session->start();
INFO - 2023-11-25 13:54:28 --> Session: Class initialized using 'CodeIgniter\Session\Handlers\FileHandler' driver.
INFO - 2023-11-25 13:54:29 --> Session: Class initialized using 'CodeIgniter\Session\Handlers\FileHandler' driver.
INFO - 2023-11-25 13:54:57 --> Session: Class initialized using 'CodeIgniter\Session\Handlers\FileHandler' driver.
WARNING - 2023-11-25 13:54:57 --> Session: Sessions is enabled, and one exists. Please don't $session->start();
INFO - 2023-11-25 13:54:57 --> Session: Class initialized using 'CodeIgniter\Session\Handlers\FileHandler' driver.
WARNING - 2023-11-25 13:54:57 --> Session: Sessions is enabled, and one exists. Please don't $session->start();
WARNING - 2023-11-25 13:54:57 --> Session: Sessions is enabled, and one exists. Please don't $session->start();
INFO - 2023-11-25 13:55:07 --> Session: Class initialized using 'CodeIgniter\Session\Handlers\FileHandler' driver.
WARNING - 2023-11-25 13:55:07 --> Session: Sessions is enabled, and one exists. Please don't $session->start();
INFO - 2023-11-25 13:55:07 --> Session: Class initialized using 'CodeIgniter\Session\Handlers\FileHandler' driver.
WARNING - 2023-11-25 13:55:07 --> Session: Sessions is enabled, and one exists. Please don't $session->start();
WARNING - 2023-11-25 13:55:07 --> Session: Sessions is enabled, and one exists. Please don't $session->start();
INFO - 2023-11-25 13:55:15 --> Session: Class initialized using 'CodeIgniter\Session\Handlers\FileHandler' driver.
INFO - 2023-11-25 13:55:16 --> Session: Class initialized using 'CodeIgniter\Session\Handlers\FileHandler' driver.
INFO - 2023-11-25 13:55:22 --> Session: Class initialized using 'CodeIgniter\Session\Handlers\FileHandler' driver.
INFO - 2023-11-25 13:56:06 --> Session: Class initialized using 'CodeIgniter\Session\Handlers\FileHandler' driver.
INFO - 2023-11-25 13:56:06 --> Session: Class initialized using 'CodeIgniter\Session\Handlers\FileHandler' driver.
INFO - 2023-11-25 13:56:06 --> Session: Class initialized using 'CodeIgniter\Session\Handlers\FileHandler' driver.
INFO - 2023-11-25 13:56:09 --> Session: Class initialized using 'CodeIgniter\Session\Handlers\FileHandler' driver.
INFO - 2023-11-25 13:56:58 --> Session: Class initialized using 'CodeIgniter\Session\Handlers\FileHandler' driver.
WARNING - 2023-11-25 13:56:58 --> Session: Sessions is enabled, and one exists. Please don't $session->start();
INFO - 2023-11-25 13:56:58 --> Session: Class initialized using 'CodeIgniter\Session\Handlers\FileHandler' driver.
WARNING - 2023-11-25 13:56:58 --> Session: Sessions is enabled, and one exists. Please don't $session->start();
WARNING - 2023-11-25 13:56:58 --> Session: Sessions is enabled, and one exists. Please don't $session->start();
INFO - 2023-11-25 13:57:03 --> Session: Class initialized using 'CodeIgniter\Session\Handlers\FileHandler' driver.
INFO - 2023-11-25 13:57:03 --> Session: Class initialized using 'CodeIgniter\Session\Handlers\FileHandler' driver.
INFO - 2023-11-25 13:57:29 --> Session: Class initialized using 'CodeIgniter\Session\Handlers\FileHandler' driver.
WARNING - 2023-11-25 13:57:29 --> Session: Sessions is enabled, and one exists. Please don't $session->start();
INFO - 2023-11-25 13:57:29 --> Session: Class initialized using 'CodeIgniter\Session\Handlers\FileHandler' driver.
WARNING - 2023-11-25 13:57:29 --> Session: Sessions is enabled, and one exists. Please don't $session->start();
WARNING - 2023-11-25 13:57:29 --> Session: Sessions is enabled, and one exists. Please don't $session->start();
INFO - 2023-11-25 13:57:32 --> Session: Class initialized using 'CodeIgniter\Session\Handlers\FileHandler' driver.
INFO - 2023-11-25 13:57:32 --> Session: Class initialized using 'CodeIgniter\Session\Handlers\FileHandler' driver.
INFO - 2023-11-25 13:57:35 --> Session: Class initialized using 'CodeIgniter\Session\Handlers\FileHandler' driver.
INFO - 2023-11-25 13:57:35 --> Session: Class initialized using 'CodeIgniter\Session\Handlers\FileHandler' driver.
WARNING - 2023-11-25 13:57:35 --> Session: Sessions is enabled, and one exists. Please don't $session->start();
INFO - 2023-11-25 13:57:40 --> Session: Class initialized using 'CodeIgniter\Session\Handlers\FileHandler' driver.
INFO - 2023-11-25 13:57:40 --> Session: Class initialized using 'CodeIgniter\Session\Handlers\FileHandler' driver.
INFO - 2023-11-25 13:58:23 --> Session: Class initialized using 'CodeIgniter\Session\Handlers\FileHandler' driver.
INFO - 2023-11-25 13:58:23 --> Session: Class initialized using 'CodeIgniter\Session\Handlers\FileHandler' driver.
INFO - 2023-11-25 13:58:29 --> Session: Class initialized using 'CodeIgniter\Session\Handlers\FileHandler' driver.
INFO - 2023-11-25 13:58:31 --> Session: Class initialized using 'CodeIgniter\Session\Handlers\FileHandler' driver.
INFO - 2023-11-25 13:58:32 --> Session: Class initialized using 'CodeIgniter\Session\Handlers\FileHandler' driver.
INFO - 2023-11-25 13:58:59 --> Session: Class initialized using 'CodeIgniter\Session\Handlers\FileHandler' driver.
INFO - 2023-11-25 14:31:59 --> Session: Class initialized using 'CodeIgniter\Session\Handlers\FileHandler' driver.
INFO - 2023-11-25 14:32:43 --> Session: Class initialized using 'CodeIgniter\Session\Handlers\FileHandler' driver.
INFO - 2023-11-25 14:32:43 --> Session: Class initialized using 'CodeIgniter\Session\Handlers\FileHandler' driver.
INFO - 2023-11-25 14:32:43 --> Session: Class initialized using 'CodeIgniter\Session\Handlers\FileHandler' driver.
INFO - 2023-11-25 14:36:26 --> Session: Class initialized using 'CodeIgniter\Session\Handlers\FileHandler' driver.
WARNING - 2023-11-25 14:36:26 --> Session: Sessions is enabled, and one exists. Please don't $session->start();
INFO - 2023-11-25 14:36:26 --> Session: Class initialized using 'CodeIgniter\Session\Handlers\FileHandler' driver.
WARNING - 2023-11-25 14:36:26 --> Session: Sessions is enabled, and one exists. Please don't $session->start();
WARNING - 2023-11-25 14:36:26 --> Session: Sessions is enabled, and one exists. Please don't $session->start();
INFO - 2023-11-25 14:37:14 --> Session: Class initialized using 'CodeIgniter\Session\Handlers\FileHandler' driver.
WARNING - 2023-11-25 14:37:14 --> Session: Sessions is enabled, and one exists. Please don't $session->start();
INFO - 2023-11-25 14:37:15 --> Session: Class initialized using 'CodeIgniter\Session\Handlers\FileHandler' driver.
WARNING - 2023-11-25 14:37:15 --> Session: Sessions is enabled, and one exists. Please don't $session->start();
CRITICAL - 2023-11-25 14:37:15 --> Trying to access array offset on value of type null
in APPPATH/Views/transactions/evaluation/evaluation_form_edit.php on line 31.
 1 APPPATH/Views/transactions/evaluation/evaluation_form_edit.php(31): CodeIgniter\Debug\Exceptions->errorHandler(8, 'Trying to access array offset on value of type null', '/Applications/XAMPP/xamppfiles/htdocs/headmaster_evaluation/app/Views/transactions/evaluation/evaluation_form_edit.php', 31, [...])
 2 SYSTEMPATH/View/View.php(228): include('/Applications/XAMPP/xamppfiles/htdocs/headmaster_evaluation/app/Views/transactions/evaluation/evaluation_form_edit.php')
 3 SYSTEMPATH/View/View.php(231): CodeIgniter\View\View->CodeIgniter\View\{closure}()
 4 SYSTEMPATH/Common.php(1190): CodeIgniter\View\View->render('transactions/evaluation/evaluation_form_edit', [], true)
 5 APPPATH/Controllers/EvaluationController.php(250): view('transactions/evaluation/evaluation_form_edit', [...])
 6 SYSTEMPATH/CodeIgniter.php(942): App\Controllers\EvaluationController->view('images', 'favicon.png')
 7 SYSTEMPATH/CodeIgniter.php(502): CodeIgniter\CodeIgniter->runController(Object(App\Controllers\EvaluationController))
 8 SYSTEMPATH/CodeIgniter.php(361): CodeIgniter\CodeIgniter->handleRequest(null, Object(Config\Cache), false)
 9 FCPATH/index.php(79): CodeIgniter\CodeIgniter->run()
10 SYSTEMPATH/Commands/Server/rewrite.php(47): require_once('/Applications/XAMPP/xamppfiles/htdocs/headmaster_evaluation/public/index.php')
INFO - 2023-11-25 14:41:18 --> Session: Class initialized using 'CodeIgniter\Session\Handlers\FileHandler' driver.
INFO - 2023-11-25 14:41:18 --> Session: Class initialized using 'CodeIgniter\Session\Handlers\FileHandler' driver.
INFO - 2023-11-25 14:41:28 --> Session: Class initialized using 'CodeIgniter\Session\Handlers\FileHandler' driver.
INFO - 2023-11-25 14:41:28 --> Session: Class initialized using 'CodeIgniter\Session\Handlers\FileHandler' driver.
INFO - 2023-11-25 14:41:28 --> Session: Class initialized using 'CodeIgniter\Session\Handlers\FileHandler' driver.
INFO - 2023-11-25 14:41:31 --> Session: Class initialized using 'CodeIgniter\Session\Handlers\FileHandler' driver.
INFO - 2023-11-25 14:41:31 --> Session: Class initialized using 'CodeIgniter\Session\Handlers\FileHandler' driver.
INFO - 2023-11-25 14:41:34 --> Session: Class initialized using 'CodeIgniter\Session\Handlers\FileHandler' driver.
INFO - 2023-11-25 14:42:51 --> Session: Class initialized using 'CodeIgniter\Session\Handlers\FileHandler' driver.
INFO - 2023-11-25 14:42:51 --> Session: Class initialized using 'CodeIgniter\Session\Handlers\FileHandler' driver.
INFO - 2023-11-25 14:42:52 --> Session: Class initialized using 'CodeIgniter\Session\Handlers\FileHandler' driver.
INFO - 2023-11-25 14:42:58 --> Session: Class initialized using 'CodeIgniter\Session\Handlers\FileHandler' driver.
INFO - 2023-11-25 14:42:59 --> Session: Class initialized using 'CodeIgniter\Session\Handlers\FileHandler' driver.
INFO - 2023-11-25 14:43:10 --> Session: Class initialized using 'CodeIgniter\Session\Handlers\FileHandler' driver.
INFO - 2023-11-25 14:43:38 --> Session: Class initialized using 'CodeIgniter\Session\Handlers\FileHandler' driver.
INFO - 2023-11-25 14:43:38 --> Session: Class initialized using 'CodeIgniter\Session\Handlers\FileHandler' driver.
INFO - 2023-11-25 14:43:49 --> Session: Class initialized using 'CodeIgniter\Session\Handlers\FileHandler' driver.
INFO - 2023-11-25 14:43:49 --> Session: Class initialized using 'CodeIgniter\Session\Handlers\FileHandler' driver.
INFO - 2023-11-25 14:43:52 --> Session: Class initialized using 'CodeIgniter\Session\Handlers\FileHandler' driver.
INFO - 2023-11-25 14:43:52 --> Session: Class initialized using 'CodeIgniter\Session\Handlers\FileHandler' driver.
INFO - 2023-11-25 14:43:56 --> Session: Class initialized using 'CodeIgniter\Session\Handlers\FileHandler' driver.
